[2020-03-24 22:06:37] production.ERROR: The D:\xampp\htdocs\desarrollos\bapp_vuexi\bootstrap\cache directory must be present and writable. {"exception":"[object] (Exception(code: 0): The D:\\xampp\\htdocs\\desarrollos\\bapp_vuexi\\bootstrap\\cache directory must be present and writable. at D:\\xampp\\htdocs\\desarrollos\\bapp_vuexi\\vendor\\laravel\\framework\\src\\Illuminate\\Foundation\\PackageManifest.php:168)
[stacktrace]
#0 D:\\xampp\\htdocs\\desarrollos\\bapp_vuexi\\vendor\\laravel\\framework\\src\\Illuminate\\Foundation\\PackageManifest.php(127): Illuminate\\Foundation\\PackageManifest->write(Array)
#1 D:\\xampp\\htdocs\\desarrollos\\bapp_vuexi\\vendor\\laravel\\framework\\src\\Illuminate\\Foundation\\PackageManifest.php(97): Illuminate\\Foundation\\PackageManifest->build()
#2 D:\\xampp\\htdocs\\desarrollos\\bapp_vuexi\\vendor\\laravel\\framework\\src\\Illuminate\\Foundation\\PackageManifest.php(80): Illuminate\\Foundation\\PackageManifest->getManifest()
#3 D:\\xampp\\htdocs\\desarrollos\\bapp_vuexi\\vendor\\laravel\\framework\\src\\Illuminate\\Foundation\\Bootstrap\\RegisterFacades.php(26): Illuminate\\Foundation\\PackageManifest->aliases()
#4 D:\\xampp\\htdocs\\desarrollos\\bapp_vuexi\\vendor\\laravel\\framework\\src\\Illuminate\\Foundation\\Application.php(212): Illuminate\\Foundation\\Bootstrap\\RegisterFacades->bootstrap(Object(Illuminate\\Foundation\\Application))
#5 D:\\xampp\\htdocs\\desarrollos\\bapp_vuexi\\vendor\\laravel\\framework\\src\\Illuminate\\Foundation\\Console\\Kernel.php(320): Illuminate\\Foundation\\Application->bootstrapWith(Array)
#6 D:\\xampp\\htdocs\\desarrollos\\bapp_vuexi\\vendor\\laravel\\framework\\src\\Illuminate\\Foundation\\Console\\Kernel.php(129): Illuminate\\Foundation\\Console\\Kernel->bootstrap()
#7 D:\\xampp\\htdocs\\desarrollos\\bapp_vuexi\\artisan(37): Illuminate\\Foundation\\Console\\Kernel->handle(Object(Symfony\\Component\\Console\\Input\\ArgvInput), Object(Symfony\\Component\\Console\\Output\\ConsoleOutput))
#8 {main}
"} 
[2020-03-24 22:25:27] production.ERROR: The D:\xampp\htdocs\desarrollos\bapp_vuexi\bootstrap\cache directory must be present and writable. {"exception":"[object] (Exception(code: 0): The D:\\xampp\\htdocs\\desarrollos\\bapp_vuexi\\bootstrap\\cache directory must be present and writable. at D:\\xampp\\htdocs\\desarrollos\\bapp_vuexi\\vendor\\laravel\\framework\\src\\Illuminate\\Foundation\\PackageManifest.php:168)
[stacktrace]
#0 D:\\xampp\\htdocs\\desarrollos\\bapp_vuexi\\vendor\\laravel\\framework\\src\\Illuminate\\Foundation\\PackageManifest.php(127): Illuminate\\Foundation\\PackageManifest->write(Array)
#1 D:\\xampp\\htdocs\\desarrollos\\bapp_vuexi\\vendor\\laravel\\framework\\src\\Illuminate\\Foundation\\PackageManifest.php(97): Illuminate\\Foundation\\PackageManifest->build()
#2 D:\\xampp\\htdocs\\desarrollos\\bapp_vuexi\\vendor\\laravel\\framework\\src\\Illuminate\\Foundation\\PackageManifest.php(80): Illuminate\\Foundation\\PackageManifest->getManifest()
#3 D:\\xampp\\htdocs\\desarrollos\\bapp_vuexi\\vendor\\laravel\\framework\\src\\Illuminate\\Foundation\\Bootstrap\\RegisterFacades.php(26): Illuminate\\Foundation\\PackageManifest->aliases()
#4 D:\\xampp\\htdocs\\desarrollos\\bapp_vuexi\\vendor\\laravel\\framework\\src\\Illuminate\\Foundation\\Application.php(212): Illuminate\\Foundation\\Bootstrap\\RegisterFacades->bootstrap(Object(Illuminate\\Foundation\\Application))
#5 D:\\xampp\\htdocs\\desarrollos\\bapp_vuexi\\vendor\\laravel\\framework\\src\\Illuminate\\Foundation\\Console\\Kernel.php(320): Illuminate\\Foundation\\Application->bootstrapWith(Array)
#6 D:\\xampp\\htdocs\\desarrollos\\bapp_vuexi\\vendor\\laravel\\framework\\src\\Illuminate\\Foundation\\Console\\Kernel.php(129): Illuminate\\Foundation\\Console\\Kernel->bootstrap()
#7 D:\\xampp\\htdocs\\desarrollos\\bapp_vuexi\\artisan(37): Illuminate\\Foundation\\Console\\Kernel->handle(Object(Symfony\\Component\\Console\\Input\\ArgvInput), Object(Symfony\\Component\\Console\\Output\\ConsoleOutput))
#8 {main}
"} 
[2020-03-24 22:25:37] production.ERROR: The D:\xampp\htdocs\desarrollos\bapp_vuexi\bootstrap\cache directory must be present and writable. {"exception":"[object] (Exception(code: 0): The D:\\xampp\\htdocs\\desarrollos\\bapp_vuexi\\bootstrap\\cache directory must be present and writable. at D:\\xampp\\htdocs\\desarrollos\\bapp_vuexi\\vendor\\laravel\\framework\\src\\Illuminate\\Foundation\\PackageManifest.php:168)
[stacktrace]
#0 D:\\xampp\\htdocs\\desarrollos\\bapp_vuexi\\vendor\\laravel\\framework\\src\\Illuminate\\Foundation\\PackageManifest.php(127): Illuminate\\Foundation\\PackageManifest->write(Array)
#1 D:\\xampp\\htdocs\\desarrollos\\bapp_vuexi\\vendor\\laravel\\framework\\src\\Illuminate\\Foundation\\PackageManifest.php(97): Illuminate\\Foundation\\PackageManifest->build()
#2 D:\\xampp\\htdocs\\desarrollos\\bapp_vuexi\\vendor\\laravel\\framework\\src\\Illuminate\\Foundation\\PackageManifest.php(80): Illuminate\\Foundation\\PackageManifest->getManifest()
#3 D:\\xampp\\htdocs\\desarrollos\\bapp_vuexi\\vendor\\laravel\\framework\\src\\Illuminate\\Foundation\\Bootstrap\\RegisterFacades.php(26): Illuminate\\Foundation\\PackageManifest->aliases()
#4 D:\\xampp\\htdocs\\desarrollos\\bapp_vuexi\\vendor\\laravel\\framework\\src\\Illuminate\\Foundation\\Application.php(212): Illuminate\\Foundation\\Bootstrap\\RegisterFacades->bootstrap(Object(Illuminate\\Foundation\\Application))
#5 D:\\xampp\\htdocs\\desarrollos\\bapp_vuexi\\vendor\\laravel\\framework\\src\\Illuminate\\Foundation\\Console\\Kernel.php(320): Illuminate\\Foundation\\Application->bootstrapWith(Array)
#6 D:\\xampp\\htdocs\\desarrollos\\bapp_vuexi\\vendor\\laravel\\framework\\src\\Illuminate\\Foundation\\Console\\Kernel.php(129): Illuminate\\Foundation\\Console\\Kernel->bootstrap()
#7 D:\\xampp\\htdocs\\desarrollos\\bapp_vuexi\\artisan(37): Illuminate\\Foundation\\Console\\Kernel->handle(Object(Symfony\\Component\\Console\\Input\\ArgvInput), Object(Symfony\\Component\\Console\\Output\\ConsoleOutput))
#8 {main}
"} 
[2020-03-24 22:25:44] production.ERROR: The D:\xampp\htdocs\desarrollos\bapp_vuexi\bootstrap\cache directory must be present and writable. {"exception":"[object] (Exception(code: 0): The D:\\xampp\\htdocs\\desarrollos\\bapp_vuexi\\bootstrap\\cache directory must be present and writable. at D:\\xampp\\htdocs\\desarrollos\\bapp_vuexi\\vendor\\laravel\\framework\\src\\Illuminate\\Foundation\\PackageManifest.php:168)
[stacktrace]
#0 D:\\xampp\\htdocs\\desarrollos\\bapp_vuexi\\vendor\\laravel\\framework\\src\\Illuminate\\Foundation\\PackageManifest.php(127): Illuminate\\Foundation\\PackageManifest->write(Array)
#1 D:\\xampp\\htdocs\\desarrollos\\bapp_vuexi\\vendor\\laravel\\framework\\src\\Illuminate\\Foundation\\PackageManifest.php(97): Illuminate\\Foundation\\PackageManifest->build()
#2 D:\\xampp\\htdocs\\desarrollos\\bapp_vuexi\\vendor\\laravel\\framework\\src\\Illuminate\\Foundation\\PackageManifest.php(80): Illuminate\\Foundation\\PackageManifest->getManifest()
#3 D:\\xampp\\htdocs\\desarrollos\\bapp_vuexi\\vendor\\laravel\\framework\\src\\Illuminate\\Foundation\\Bootstrap\\RegisterFacades.php(26): Illuminate\\Foundation\\PackageManifest->aliases()
#4 D:\\xampp\\htdocs\\desarrollos\\bapp_vuexi\\vendor\\laravel\\framework\\src\\Illuminate\\Foundation\\Application.php(212): Illuminate\\Foundation\\Bootstrap\\RegisterFacades->bootstrap(Object(Illuminate\\Foundation\\Application))
#5 D:\\xampp\\htdocs\\desarrollos\\bapp_vuexi\\vendor\\laravel\\framework\\src\\Illuminate\\Foundation\\Console\\Kernel.php(320): Illuminate\\Foundation\\Application->bootstrapWith(Array)
#6 D:\\xampp\\htdocs\\desarrollos\\bapp_vuexi\\vendor\\laravel\\framework\\src\\Illuminate\\Foundation\\Console\\Kernel.php(129): Illuminate\\Foundation\\Console\\Kernel->bootstrap()
#7 D:\\xampp\\htdocs\\desarrollos\\bapp_vuexi\\artisan(37): Illuminate\\Foundation\\Console\\Kernel->handle(Object(Symfony\\Component\\Console\\Input\\ArgvInput), Object(Symfony\\Component\\Console\\Output\\ConsoleOutput))
#8 {main}
"} 
[2020-03-24 22:25:53] production.ERROR: The D:\xampp\htdocs\desarrollos\bapp_vuexi\bootstrap\cache directory must be present and writable. {"exception":"[object] (Exception(code: 0): The D:\\xampp\\htdocs\\desarrollos\\bapp_vuexi\\bootstrap\\cache directory must be present and writable. at D:\\xampp\\htdocs\\desarrollos\\bapp_vuexi\\vendor\\laravel\\framework\\src\\Illuminate\\Foundation\\PackageManifest.php:168)
[stacktrace]
#0 D:\\xampp\\htdocs\\desarrollos\\bapp_vuexi\\vendor\\laravel\\framework\\src\\Illuminate\\Foundation\\PackageManifest.php(127): Illuminate\\Foundation\\PackageManifest->write(Array)
#1 D:\\xampp\\htdocs\\desarrollos\\bapp_vuexi\\vendor\\laravel\\framework\\src\\Illuminate\\Foundation\\PackageManifest.php(97): Illuminate\\Foundation\\PackageManifest->build()
#2 D:\\xampp\\htdocs\\desarrollos\\bapp_vuexi\\vendor\\laravel\\framework\\src\\Illuminate\\Foundation\\PackageManifest.php(80): Illuminate\\Foundation\\PackageManifest->getManifest()
#3 D:\\xampp\\htdocs\\desarrollos\\bapp_vuexi\\vendor\\laravel\\framework\\src\\Illuminate\\Foundation\\Bootstrap\\RegisterFacades.php(26): Illuminate\\Foundation\\PackageManifest->aliases()
#4 D:\\xampp\\htdocs\\desarrollos\\bapp_vuexi\\vendor\\laravel\\framework\\src\\Illuminate\\Foundation\\Application.php(212): Illuminate\\Foundation\\Bootstrap\\RegisterFacades->bootstrap(Object(Illuminate\\Foundation\\Application))
#5 D:\\xampp\\htdocs\\desarrollos\\bapp_vuexi\\vendor\\laravel\\framework\\src\\Illuminate\\Foundation\\Console\\Kernel.php(320): Illuminate\\Foundation\\Application->bootstrapWith(Array)
#6 D:\\xampp\\htdocs\\desarrollos\\bapp_vuexi\\vendor\\laravel\\framework\\src\\Illuminate\\Foundation\\Console\\Kernel.php(129): Illuminate\\Foundation\\Console\\Kernel->bootstrap()
#7 D:\\xampp\\htdocs\\desarrollos\\bapp_vuexi\\artisan(37): Illuminate\\Foundation\\Console\\Kernel->handle(Object(Symfony\\Component\\Console\\Input\\ArgvInput), Object(Symfony\\Component\\Console\\Output\\ConsoleOutput))
#8 {main}
"} 
[2020-03-24 22:33:34] local.ERROR: The D:\xampp\htdocs\desarrollos\bapp_vuexi\bootstrap\cache directory must be present and writable. {"exception":"[object] (Exception(code: 0): The D:\\xampp\\htdocs\\desarrollos\\bapp_vuexi\\bootstrap\\cache directory must be present and writable. at D:\\xampp\\htdocs\\desarrollos\\bapp_vuexi\\vendor\\laravel\\framework\\src\\Illuminate\\Foundation\\PackageManifest.php:168)
[stacktrace]
#0 D:\\xampp\\htdocs\\desarrollos\\bapp_vuexi\\vendor\\laravel\\framework\\src\\Illuminate\\Foundation\\PackageManifest.php(127): Illuminate\\Foundation\\PackageManifest->write(Array)
#1 D:\\xampp\\htdocs\\desarrollos\\bapp_vuexi\\vendor\\laravel\\framework\\src\\Illuminate\\Foundation\\PackageManifest.php(97): Illuminate\\Foundation\\PackageManifest->build()
#2 D:\\xampp\\htdocs\\desarrollos\\bapp_vuexi\\vendor\\laravel\\framework\\src\\Illuminate\\Foundation\\PackageManifest.php(80): Illuminate\\Foundation\\PackageManifest->getManifest()
#3 D:\\xampp\\htdocs\\desarrollos\\bapp_vuexi\\vendor\\laravel\\framework\\src\\Illuminate\\Foundation\\Bootstrap\\RegisterFacades.php(26): Illuminate\\Foundation\\PackageManifest->aliases()
#4 D:\\xampp\\htdocs\\desarrollos\\bapp_vuexi\\vendor\\laravel\\framework\\src\\Illuminate\\Foundation\\Application.php(212): Illuminate\\Foundation\\Bootstrap\\RegisterFacades->bootstrap(Object(Illuminate\\Foundation\\Application))
#5 D:\\xampp\\htdocs\\desarrollos\\bapp_vuexi\\vendor\\laravel\\framework\\src\\Illuminate\\Foundation\\Console\\Kernel.php(320): Illuminate\\Foundation\\Application->bootstrapWith(Array)
#6 D:\\xampp\\htdocs\\desarrollos\\bapp_vuexi\\vendor\\laravel\\framework\\src\\Illuminate\\Foundation\\Console\\Kernel.php(129): Illuminate\\Foundation\\Console\\Kernel->bootstrap()
#7 D:\\xampp\\htdocs\\desarrollos\\bapp_vuexi\\artisan(37): Illuminate\\Foundation\\Console\\Kernel->handle(Object(Symfony\\Component\\Console\\Input\\ArgvInput), Object(Symfony\\Component\\Console\\Output\\ConsoleOutput))
#8 {main}
"} 
[2020-03-24 22:33:59] local.ERROR: The D:\xampp\htdocs\desarrollos\bapp_vuexi\bootstrap\cache directory must be present and writable. {"exception":"[object] (Exception(code: 0): The D:\\xampp\\htdocs\\desarrollos\\bapp_vuexi\\bootstrap\\cache directory must be present and writable. at D:\\xampp\\htdocs\\desarrollos\\bapp_vuexi\\vendor\\laravel\\framework\\src\\Illuminate\\Foundation\\PackageManifest.php:168)
[stacktrace]
#0 D:\\xampp\\htdocs\\desarrollos\\bapp_vuexi\\vendor\\laravel\\framework\\src\\Illuminate\\Foundation\\PackageManifest.php(127): Illuminate\\Foundation\\PackageManifest->write(Array)
#1 D:\\xampp\\htdocs\\desarrollos\\bapp_vuexi\\vendor\\laravel\\framework\\src\\Illuminate\\Foundation\\PackageManifest.php(97): Illuminate\\Foundation\\PackageManifest->build()
#2 D:\\xampp\\htdocs\\desarrollos\\bapp_vuexi\\vendor\\laravel\\framework\\src\\Illuminate\\Foundation\\PackageManifest.php(80): Illuminate\\Foundation\\PackageManifest->getManifest()
#3 D:\\xampp\\htdocs\\desarrollos\\bapp_vuexi\\vendor\\laravel\\framework\\src\\Illuminate\\Foundation\\Bootstrap\\RegisterFacades.php(26): Illuminate\\Foundation\\PackageManifest->aliases()
#4 D:\\xampp\\htdocs\\desarrollos\\bapp_vuexi\\vendor\\laravel\\framework\\src\\Illuminate\\Foundation\\Application.php(212): Illuminate\\Foundation\\Bootstrap\\RegisterFacades->bootstrap(Object(Illuminate\\Foundation\\Application))
#5 D:\\xampp\\htdocs\\desarrollos\\bapp_vuexi\\vendor\\laravel\\framework\\src\\Illuminate\\Foundation\\Console\\Kernel.php(320): Illuminate\\Foundation\\Application->bootstrapWith(Array)
#6 D:\\xampp\\htdocs\\desarrollos\\bapp_vuexi\\vendor\\laravel\\framework\\src\\Illuminate\\Foundation\\Console\\Kernel.php(129): Illuminate\\Foundation\\Console\\Kernel->bootstrap()
#7 D:\\xampp\\htdocs\\desarrollos\\bapp_vuexi\\artisan(37): Illuminate\\Foundation\\Console\\Kernel->handle(Object(Symfony\\Component\\Console\\Input\\ArgvInput), Object(Symfony\\Component\\Console\\Output\\ConsoleOutput))
#8 {main}
"} 
[2020-03-24 22:36:16] local.ERROR: The D:\xampp\htdocs\desarrollos\bapp_vuexi\bootstrap\cache directory must be present and writable. {"exception":"[object] (Exception(code: 0): The D:\\xampp\\htdocs\\desarrollos\\bapp_vuexi\\bootstrap\\cache directory must be present and writable. at D:\\xampp\\htdocs\\desarrollos\\bapp_vuexi\\vendor\\laravel\\framework\\src\\Illuminate\\Foundation\\PackageManifest.php:168)
[stacktrace]
#0 D:\\xampp\\htdocs\\desarrollos\\bapp_vuexi\\vendor\\laravel\\framework\\src\\Illuminate\\Foundation\\PackageManifest.php(127): Illuminate\\Foundation\\PackageManifest->write(Array)
#1 D:\\xampp\\htdocs\\desarrollos\\bapp_vuexi\\vendor\\laravel\\framework\\src\\Illuminate\\Foundation\\PackageManifest.php(97): Illuminate\\Foundation\\PackageManifest->build()
#2 D:\\xampp\\htdocs\\desarrollos\\bapp_vuexi\\vendor\\laravel\\framework\\src\\Illuminate\\Foundation\\PackageManifest.php(80): Illuminate\\Foundation\\PackageManifest->getManifest()
#3 D:\\xampp\\htdocs\\desarrollos\\bapp_vuexi\\vendor\\laravel\\framework\\src\\Illuminate\\Foundation\\Bootstrap\\RegisterFacades.php(26): Illuminate\\Foundation\\PackageManifest->aliases()
#4 D:\\xampp\\htdocs\\desarrollos\\bapp_vuexi\\vendor\\laravel\\framework\\src\\Illuminate\\Foundation\\Application.php(212): Illuminate\\Foundation\\Bootstrap\\RegisterFacades->bootstrap(Object(Illuminate\\Foundation\\Application))
#5 D:\\xampp\\htdocs\\desarrollos\\bapp_vuexi\\vendor\\laravel\\framework\\src\\Illuminate\\Foundation\\Console\\Kernel.php(320): Illuminate\\Foundation\\Application->bootstrapWith(Array)
#6 D:\\xampp\\htdocs\\desarrollos\\bapp_vuexi\\vendor\\laravel\\framework\\src\\Illuminate\\Foundation\\Console\\Kernel.php(129): Illuminate\\Foundation\\Console\\Kernel->bootstrap()
#7 D:\\xampp\\htdocs\\desarrollos\\bapp_vuexi\\artisan(37): Illuminate\\Foundation\\Console\\Kernel->handle(Object(Symfony\\Component\\Console\\Input\\ArgvInput), Object(Symfony\\Component\\Console\\Output\\ConsoleOutput))
#8 {main}
"} 
[2020-03-24 22:37:38] local.ERROR: The D:\xampp\htdocs\desarrollos\bapp_vuexi\bootstrap\cache directory must be present and writable. {"exception":"[object] (Exception(code: 0): The D:\\xampp\\htdocs\\desarrollos\\bapp_vuexi\\bootstrap\\cache directory must be present and writable. at D:\\xampp\\htdocs\\desarrollos\\bapp_vuexi\\vendor\\laravel\\framework\\src\\Illuminate\\Foundation\\PackageManifest.php:168)
[stacktrace]
#0 D:\\xampp\\htdocs\\desarrollos\\bapp_vuexi\\vendor\\laravel\\framework\\src\\Illuminate\\Foundation\\PackageManifest.php(127): Illuminate\\Foundation\\PackageManifest->write(Array)
#1 D:\\xampp\\htdocs\\desarrollos\\bapp_vuexi\\vendor\\laravel\\framework\\src\\Illuminate\\Foundation\\PackageManifest.php(97): Illuminate\\Foundation\\PackageManifest->build()
#2 D:\\xampp\\htdocs\\desarrollos\\bapp_vuexi\\vendor\\laravel\\framework\\src\\Illuminate\\Foundation\\PackageManifest.php(80): Illuminate\\Foundation\\PackageManifest->getManifest()
#3 D:\\xampp\\htdocs\\desarrollos\\bapp_vuexi\\vendor\\laravel\\framework\\src\\Illuminate\\Foundation\\Bootstrap\\RegisterFacades.php(26): Illuminate\\Foundation\\PackageManifest->aliases()
#4 D:\\xampp\\htdocs\\desarrollos\\bapp_vuexi\\vendor\\laravel\\framework\\src\\Illuminate\\Foundation\\Application.php(212): Illuminate\\Foundation\\Bootstrap\\RegisterFacades->bootstrap(Object(Illuminate\\Foundation\\Application))
#5 D:\\xampp\\htdocs\\desarrollos\\bapp_vuexi\\vendor\\laravel\\framework\\src\\Illuminate\\Foundation\\Console\\Kernel.php(320): Illuminate\\Foundation\\Application->bootstrapWith(Array)
#6 D:\\xampp\\htdocs\\desarrollos\\bapp_vuexi\\vendor\\laravel\\framework\\src\\Illuminate\\Foundation\\Console\\Kernel.php(129): Illuminate\\Foundation\\Console\\Kernel->bootstrap()
#7 D:\\xampp\\htdocs\\desarrollos\\bapp_vuexi\\artisan(37): Illuminate\\Foundation\\Console\\Kernel->handle(Object(Symfony\\Component\\Console\\Input\\ArgvInput), Object(Symfony\\Component\\Console\\Output\\ConsoleOutput))
#8 {main}
"} 
[2020-03-24 22:57:48] local.ERROR: Command "make" is not defined.

Did you mean one of these?
    make:channel
    make:command
    make:controller
    make:event
    make:exception
    make:factory
    make:job
    make:listener
    make:mail
    make:middleware
    make:migration
    make:model
    make:notification
    make:observer
    make:policy
    make:provider
    make:request
    make:resource
    make:rule
    make:seeder
    make:test {"exception":"[object] (Symfony\\Component\\Console\\Exception\\CommandNotFoundException(code: 0): Command \"make\" is not defined.

Did you mean one of these?
    make:channel
    make:command
    make:controller
    make:event
    make:exception
    make:factory
    make:job
    make:listener
    make:mail
    make:middleware
    make:migration
    make:model
    make:notification
    make:observer
    make:policy
    make:provider
    make:request
    make:resource
    make:rule
    make:seeder
    make:test at D:\\xampp\\htdocs\\desarrollos\\bapp_vuexi\\vendor\\symfony\\console\\Application.php:670)
[stacktrace]
#0 D:\\xampp\\htdocs\\desarrollos\\bapp_vuexi\\vendor\\symfony\\console\\Application.php(236): Symfony\\Component\\Console\\Application->find('make')
#1 D:\\xampp\\htdocs\\desarrollos\\bapp_vuexi\\vendor\\symfony\\console\\Application.php(148): Symfony\\Component\\Console\\Application->doRun(Object(Symfony\\Component\\Console\\Input\\ArgvInput), Object(Symfony\\Component\\Console\\Output\\ConsoleOutput))
#2 D:\\xampp\\htdocs\\desarrollos\\bapp_vuexi\\vendor\\laravel\\framework\\src\\Illuminate\\Console\\Application.php(93): Symfony\\Component\\Console\\Application->run(Object(Symfony\\Component\\Console\\Input\\ArgvInput), Object(Symfony\\Component\\Console\\Output\\ConsoleOutput))
#3 D:\\xampp\\htdocs\\desarrollos\\bapp_vuexi\\vendor\\laravel\\framework\\src\\Illuminate\\Foundation\\Console\\Kernel.php(131): Illuminate\\Console\\Application->run(Object(Symfony\\Component\\Console\\Input\\ArgvInput), Object(Symfony\\Component\\Console\\Output\\ConsoleOutput))
#4 D:\\xampp\\htdocs\\desarrollos\\bapp_vuexi\\artisan(37): Illuminate\\Foundation\\Console\\Kernel->handle(Object(Symfony\\Component\\Console\\Input\\ArgvInput), Object(Symfony\\Component\\Console\\Output\\ConsoleOutput))
#5 {main}
"} 
[2020-03-24 22:58:09] local.ERROR: SQLSTATE[HY000] [1049] Unknown database 'laravel' (SQL: select * from information_schema.tables where table_schema = laravel and table_name = migrations and table_type = 'BASE TABLE') {"exception":"[object] (Illuminate\\Database\\QueryException(code: 1049): SQLSTATE[HY000] [1049] Unknown database 'laravel' (SQL: select * from information_schema.tables where table_schema = laravel and table_name = migrations and table_type = 'BASE TABLE') at D:\\xampp\\htdocs\\desarrollos\\bapp_vuexi\\vendor\\laravel\\framework\\src\\Illuminate\\Database\\Connection.php:669)
[stacktrace]
#0 D:\\xampp\\htdocs\\desarrollos\\bapp_vuexi\\vendor\\laravel\\framework\\src\\Illuminate\\Database\\Connection.php(629): Illuminate\\Database\\Connection->runQueryCallback('select * from i...', Array, Object(Closure))
#1 D:\\xampp\\htdocs\\desarrollos\\bapp_vuexi\\vendor\\laravel\\framework\\src\\Illuminate\\Database\\Connection.php(338): Illuminate\\Database\\Connection->run('select * from i...', Array, Object(Closure))
#2 D:\\xampp\\htdocs\\desarrollos\\bapp_vuexi\\vendor\\laravel\\framework\\src\\Illuminate\\Database\\Schema\\MySqlBuilder.php(18): Illuminate\\Database\\Connection->select('select * from i...', Array)
#3 D:\\xampp\\htdocs\\desarrollos\\bapp_vuexi\\vendor\\laravel\\framework\\src\\Illuminate\\Database\\Migrations\\DatabaseMigrationRepository.php(169): Illuminate\\Database\\Schema\\MySqlBuilder->hasTable('migrations')
#4 D:\\xampp\\htdocs\\desarrollos\\bapp_vuexi\\vendor\\laravel\\framework\\src\\Illuminate\\Database\\Migrations\\Migrator.php(585): Illuminate\\Database\\Migrations\\DatabaseMigrationRepository->repositoryExists()
#5 D:\\xampp\\htdocs\\desarrollos\\bapp_vuexi\\vendor\\laravel\\framework\\src\\Illuminate\\Database\\Console\\Migrations\\MigrateCommand.php(91): Illuminate\\Database\\Migrations\\Migrator->repositoryExists()
#6 D:\\xampp\\htdocs\\desarrollos\\bapp_vuexi\\vendor\\laravel\\framework\\src\\Illuminate\\Database\\Console\\Migrations\\MigrateCommand.php(63): Illuminate\\Database\\Console\\Migrations\\MigrateCommand->prepareDatabase()
#7 [internal function]: Illuminate\\Database\\Console\\Migrations\\MigrateCommand->handle()
#8 D:\\xampp\\htdocs\\desarrollos\\bapp_vuexi\\vendor\\laravel\\framework\\src\\Illuminate\\Container\\BoundMethod.php(32): call_user_func_array(Array, Array)
#9 D:\\xampp\\htdocs\\desarrollos\\bapp_vuexi\\vendor\\laravel\\framework\\src\\Illuminate\\Container\\Util.php(36): Illuminate\\Container\\BoundMethod::Illuminate\\Container\\{closure}()
#10 D:\\xampp\\htdocs\\desarrollos\\bapp_vuexi\\vendor\\laravel\\framework\\src\\Illuminate\\Container\\BoundMethod.php(90): Illuminate\\Container\\Util::unwrapIfClosure(Object(Closure))
#11 D:\\xampp\\htdocs\\desarrollos\\bapp_vuexi\\vendor\\laravel\\framework\\src\\Illuminate\\Container\\BoundMethod.php(34): Illuminate\\Container\\BoundMethod::callBoundMethod(Object(Illuminate\\Foundation\\Application), Array, Object(Closure))
#12 D:\\xampp\\htdocs\\desarrollos\\bapp_vuexi\\vendor\\laravel\\framework\\src\\Illuminate\\Container\\Container.php(590): Illuminate\\Container\\BoundMethod::call(Object(Illuminate\\Foundation\\Application), Array, Array, NULL)
#13 D:\\xampp\\htdocs\\desarrollos\\bapp_vuexi\\vendor\\laravel\\framework\\src\\Illuminate\\Console\\Command.php(202): Illuminate\\Container\\Container->call(Array)
#14 D:\\xampp\\htdocs\\desarrollos\\bapp_vuexi\\vendor\\symfony\\console\\Command\\Command.php(255): Illuminate\\Console\\Command->execute(Object(Symfony\\Component\\Console\\Input\\ArgvInput), Object(Illuminate\\Console\\OutputStyle))
#15 D:\\xampp\\htdocs\\desarrollos\\bapp_vuexi\\vendor\\laravel\\framework\\src\\Illuminate\\Console\\Command.php(189): Symfony\\Component\\Console\\Command\\Command->run(Object(Symfony\\Component\\Console\\Input\\ArgvInput), Object(Illuminate\\Console\\OutputStyle))
#16 D:\\xampp\\htdocs\\desarrollos\\bapp_vuexi\\vendor\\symfony\\console\\Application.php(1011): Illuminate\\Console\\Command->run(Object(Symfony\\Component\\Console\\Input\\ArgvInput), Object(Symfony\\Component\\Console\\Output\\ConsoleOutput))
#17 D:\\xampp\\htdocs\\desarrollos\\bapp_vuexi\\vendor\\symfony\\console\\Application.php(272): Symfony\\Component\\Console\\Application->doRunCommand(Object(Illuminate\\Database\\Console\\Migrations\\MigrateCommand), Object(Symfony\\Component\\Console\\Input\\ArgvInput), Object(Symfony\\Component\\Console\\Output\\ConsoleOutput))
#18 D:\\xampp\\htdocs\\desarrollos\\bapp_vuexi\\vendor\\symfony\\console\\Application.php(148): Symfony\\Component\\Console\\Application->doRun(Object(Symfony\\Component\\Console\\Input\\ArgvInput), Object(Symfony\\Component\\Console\\Output\\ConsoleOutput))
#19 D:\\xampp\\htdocs\\desarrollos\\bapp_vuexi\\vendor\\laravel\\framework\\src\\Illuminate\\Console\\Application.php(93): Symfony\\Component\\Console\\Application->run(Object(Symfony\\Component\\Console\\Input\\ArgvInput), Object(Symfony\\Component\\Console\\Output\\ConsoleOutput))
#20 D:\\xampp\\htdocs\\desarrollos\\bapp_vuexi\\vendor\\laravel\\framework\\src\\Illuminate\\Foundation\\Console\\Kernel.php(131): Illuminate\\Console\\Application->run(Object(Symfony\\Component\\Console\\Input\\ArgvInput), Object(Symfony\\Component\\Console\\Output\\ConsoleOutput))
#21 D:\\xampp\\htdocs\\desarrollos\\bapp_vuexi\\artisan(37): Illuminate\\Foundation\\Console\\Kernel->handle(Object(Symfony\\Component\\Console\\Input\\ArgvInput), Object(Symfony\\Component\\Console\\Output\\ConsoleOutput))
#22 {main}

[previous exception] [object] (PDOException(code: 1049): SQLSTATE[HY000] [1049] Unknown database 'laravel' at D:\\xampp\\htdocs\\desarrollos\\bapp_vuexi\\vendor\\laravel\\framework\\src\\Illuminate\\Database\\Connectors\\Connector.php:70)
[stacktrace]
#0 D:\\xampp\\htdocs\\desarrollos\\bapp_vuexi\\vendor\\laravel\\framework\\src\\Illuminate\\Database\\Connectors\\Connector.php(70): PDO->__construct('mysql:host=127....', 'root', '', Array)
#1 D:\\xampp\\htdocs\\desarrollos\\bapp_vuexi\\vendor\\laravel\\framework\\src\\Illuminate\\Database\\Connectors\\Connector.php(46): Illuminate\\Database\\Connectors\\Connector->createPdoConnection('mysql:host=127....', 'root', '', Array)
#2 D:\\xampp\\htdocs\\desarrollos\\bapp_vuexi\\vendor\\laravel\\framework\\src\\Illuminate\\Database\\Connectors\\MySqlConnector.php(24): Illuminate\\Database\\Connectors\\Connector->createConnection('mysql:host=127....', Array, Array)
#3 D:\\xampp\\htdocs\\desarrollos\\bapp_vuexi\\vendor\\laravel\\framework\\src\\Illuminate\\Database\\Connectors\\ConnectionFactory.php(182): Illuminate\\Database\\Connectors\\MySqlConnector->connect(Array)
#4 [internal function]: Illuminate\\Database\\Connectors\\ConnectionFactory->Illuminate\\Database\\Connectors\\{closure}()
#5 D:\\xampp\\htdocs\\desarrollos\\bapp_vuexi\\vendor\\laravel\\framework\\src\\Illuminate\\Database\\Connection.php(924): call_user_func(Object(Closure))
#6 D:\\xampp\\htdocs\\desarrollos\\bapp_vuexi\\vendor\\laravel\\framework\\src\\Illuminate\\Database\\Connection.php(949): Illuminate\\Database\\Connection->getPdo()
#7 D:\\xampp\\htdocs\\desarrollos\\bapp_vuexi\\vendor\\laravel\\framework\\src\\Illuminate\\Database\\Connection.php(404): Illuminate\\Database\\Connection->getReadPdo()
#8 D:\\xampp\\htdocs\\desarrollos\\bapp_vuexi\\vendor\\laravel\\framework\\src\\Illuminate\\Database\\Connection.php(330): Illuminate\\Database\\Connection->getPdoForSelect(true)
#9 D:\\xampp\\htdocs\\desarrollos\\bapp_vuexi\\vendor\\laravel\\framework\\src\\Illuminate\\Database\\Connection.php(662): Illuminate\\Database\\Connection->Illuminate\\Database\\{closure}('select * from i...', Array)
#10 D:\\xampp\\htdocs\\desarrollos\\bapp_vuexi\\vendor\\laravel\\framework\\src\\Illuminate\\Database\\Connection.php(629): Illuminate\\Database\\Connection->runQueryCallback('select * from i...', Array, Object(Closure))
#11 D:\\xampp\\htdocs\\desarrollos\\bapp_vuexi\\vendor\\laravel\\framework\\src\\Illuminate\\Database\\Connection.php(338): Illuminate\\Database\\Connection->run('select * from i...', Array, Object(Closure))
#12 D:\\xampp\\htdocs\\desarrollos\\bapp_vuexi\\vendor\\laravel\\framework\\src\\Illuminate\\Database\\Schema\\MySqlBuilder.php(18): Illuminate\\Database\\Connection->select('select * from i...', Array)
#13 D:\\xampp\\htdocs\\desarrollos\\bapp_vuexi\\vendor\\laravel\\framework\\src\\Illuminate\\Database\\Migrations\\DatabaseMigrationRepository.php(169): Illuminate\\Database\\Schema\\MySqlBuilder->hasTable('migrations')
#14 D:\\xampp\\htdocs\\desarrollos\\bapp_vuexi\\vendor\\laravel\\framework\\src\\Illuminate\\Database\\Migrations\\Migrator.php(585): Illuminate\\Database\\Migrations\\DatabaseMigrationRepository->repositoryExists()
#15 D:\\xampp\\htdocs\\desarrollos\\bapp_vuexi\\vendor\\laravel\\framework\\src\\Illuminate\\Database\\Console\\Migrations\\MigrateCommand.php(91): Illuminate\\Database\\Migrations\\Migrator->repositoryExists()
#16 D:\\xampp\\htdocs\\desarrollos\\bapp_vuexi\\vendor\\laravel\\framework\\src\\Illuminate\\Database\\Console\\Migrations\\MigrateCommand.php(63): Illuminate\\Database\\Console\\Migrations\\MigrateCommand->prepareDatabase()
#17 [internal function]: Illuminate\\Database\\Console\\Migrations\\MigrateCommand->handle()
#18 D:\\xampp\\htdocs\\desarrollos\\bapp_vuexi\\vendor\\laravel\\framework\\src\\Illuminate\\Container\\BoundMethod.php(32): call_user_func_array(Array, Array)
#19 D:\\xampp\\htdocs\\desarrollos\\bapp_vuexi\\vendor\\laravel\\framework\\src\\Illuminate\\Container\\Util.php(36): Illuminate\\Container\\BoundMethod::Illuminate\\Container\\{closure}()
#20 D:\\xampp\\htdocs\\desarrollos\\bapp_vuexi\\vendor\\laravel\\framework\\src\\Illuminate\\Container\\BoundMethod.php(90): Illuminate\\Container\\Util::unwrapIfClosure(Object(Closure))
#21 D:\\xampp\\htdocs\\desarrollos\\bapp_vuexi\\vendor\\laravel\\framework\\src\\Illuminate\\Container\\BoundMethod.php(34): Illuminate\\Container\\BoundMethod::callBoundMethod(Object(Illuminate\\Foundation\\Application), Array, Object(Closure))
#22 D:\\xampp\\htdocs\\desarrollos\\bapp_vuexi\\vendor\\laravel\\framework\\src\\Illuminate\\Container\\Container.php(590): Illuminate\\Container\\BoundMethod::call(Object(Illuminate\\Foundation\\Application), Array, Array, NULL)
#23 D:\\xampp\\htdocs\\desarrollos\\bapp_vuexi\\vendor\\laravel\\framework\\src\\Illuminate\\Console\\Command.php(202): Illuminate\\Container\\Container->call(Array)
#24 D:\\xampp\\htdocs\\desarrollos\\bapp_vuexi\\vendor\\symfony\\console\\Command\\Command.php(255): Illuminate\\Console\\Command->execute(Object(Symfony\\Component\\Console\\Input\\ArgvInput), Object(Illuminate\\Console\\OutputStyle))
#25 D:\\xampp\\htdocs\\desarrollos\\bapp_vuexi\\vendor\\laravel\\framework\\src\\Illuminate\\Console\\Command.php(189): Symfony\\Component\\Console\\Command\\Command->run(Object(Symfony\\Component\\Console\\Input\\ArgvInput), Object(Illuminate\\Console\\OutputStyle))
#26 D:\\xampp\\htdocs\\desarrollos\\bapp_vuexi\\vendor\\symfony\\console\\Application.php(1011): Illuminate\\Console\\Command->run(Object(Symfony\\Component\\Console\\Input\\ArgvInput), Object(Symfony\\Component\\Console\\Output\\ConsoleOutput))
#27 D:\\xampp\\htdocs\\desarrollos\\bapp_vuexi\\vendor\\symfony\\console\\Application.php(272): Symfony\\Component\\Console\\Application->doRunCommand(Object(Illuminate\\Database\\Console\\Migrations\\MigrateCommand), Object(Symfony\\Component\\Console\\Input\\ArgvInput), Object(Symfony\\Component\\Console\\Output\\ConsoleOutput))
#28 D:\\xampp\\htdocs\\desarrollos\\bapp_vuexi\\vendor\\symfony\\console\\Application.php(148): Symfony\\Component\\Console\\Application->doRun(Object(Symfony\\Component\\Console\\Input\\ArgvInput), Object(Symfony\\Component\\Console\\Output\\ConsoleOutput))
#29 D:\\xampp\\htdocs\\desarrollos\\bapp_vuexi\\vendor\\laravel\\framework\\src\\Illuminate\\Console\\Application.php(93): Symfony\\Component\\Console\\Application->run(Object(Symfony\\Component\\Console\\Input\\ArgvInput), Object(Symfony\\Component\\Console\\Output\\ConsoleOutput))
#30 D:\\xampp\\htdocs\\desarrollos\\bapp_vuexi\\vendor\\laravel\\framework\\src\\Illuminate\\Foundation\\Console\\Kernel.php(131): Illuminate\\Console\\Application->run(Object(Symfony\\Component\\Console\\Input\\ArgvInput), Object(Symfony\\Component\\Console\\Output\\ConsoleOutput))
#31 D:\\xampp\\htdocs\\desarrollos\\bapp_vuexi\\artisan(37): Illuminate\\Foundation\\Console\\Kernel->handle(Object(Symfony\\Component\\Console\\Input\\ArgvInput), Object(Symfony\\Component\\Console\\Output\\ConsoleOutput))
#32 {main}
"} 
[2020-03-24 22:58:35] local.ERROR: SQLSTATE[HY000] [1049] Unknown database 'laravel' (SQL: select * from information_schema.tables where table_schema = laravel and table_name = migrations and table_type = 'BASE TABLE') {"exception":"[object] (Illuminate\\Database\\QueryException(code: 1049): SQLSTATE[HY000] [1049] Unknown database 'laravel' (SQL: select * from information_schema.tables where table_schema = laravel and table_name = migrations and table_type = 'BASE TABLE') at D:\\xampp\\htdocs\\desarrollos\\bapp_vuexi\\vendor\\laravel\\framework\\src\\Illuminate\\Database\\Connection.php:669)
[stacktrace]
#0 D:\\xampp\\htdocs\\desarrollos\\bapp_vuexi\\vendor\\laravel\\framework\\src\\Illuminate\\Database\\Connection.php(629): Illuminate\\Database\\Connection->runQueryCallback('select * from i...', Array, Object(Closure))
#1 D:\\xampp\\htdocs\\desarrollos\\bapp_vuexi\\vendor\\laravel\\framework\\src\\Illuminate\\Database\\Connection.php(338): Illuminate\\Database\\Connection->run('select * from i...', Array, Object(Closure))
#2 D:\\xampp\\htdocs\\desarrollos\\bapp_vuexi\\vendor\\laravel\\framework\\src\\Illuminate\\Database\\Schema\\MySqlBuilder.php(18): Illuminate\\Database\\Connection->select('select * from i...', Array)
#3 D:\\xampp\\htdocs\\desarrollos\\bapp_vuexi\\vendor\\laravel\\framework\\src\\Illuminate\\Database\\Migrations\\DatabaseMigrationRepository.php(169): Illuminate\\Database\\Schema\\MySqlBuilder->hasTable('migrations')
#4 D:\\xampp\\htdocs\\desarrollos\\bapp_vuexi\\vendor\\laravel\\framework\\src\\Illuminate\\Database\\Migrations\\Migrator.php(585): Illuminate\\Database\\Migrations\\DatabaseMigrationRepository->repositoryExists()
#5 D:\\xampp\\htdocs\\desarrollos\\bapp_vuexi\\vendor\\laravel\\framework\\src\\Illuminate\\Database\\Console\\Migrations\\MigrateCommand.php(91): Illuminate\\Database\\Migrations\\Migrator->repositoryExists()
#6 D:\\xampp\\htdocs\\desarrollos\\bapp_vuexi\\vendor\\laravel\\framework\\src\\Illuminate\\Database\\Console\\Migrations\\MigrateCommand.php(63): Illuminate\\Database\\Console\\Migrations\\MigrateCommand->prepareDatabase()
#7 [internal function]: Illuminate\\Database\\Console\\Migrations\\MigrateCommand->handle()
#8 D:\\xampp\\htdocs\\desarrollos\\bapp_vuexi\\vendor\\laravel\\framework\\src\\Illuminate\\Container\\BoundMethod.php(32): call_user_func_array(Array, Array)
#9 D:\\xampp\\htdocs\\desarrollos\\bapp_vuexi\\vendor\\laravel\\framework\\src\\Illuminate\\Container\\Util.php(36): Illuminate\\Container\\BoundMethod::Illuminate\\Container\\{closure}()
#10 D:\\xampp\\htdocs\\desarrollos\\bapp_vuexi\\vendor\\laravel\\framework\\src\\Illuminate\\Container\\BoundMethod.php(90): Illuminate\\Container\\Util::unwrapIfClosure(Object(Closure))
#11 D:\\xampp\\htdocs\\desarrollos\\bapp_vuexi\\vendor\\laravel\\framework\\src\\Illuminate\\Container\\BoundMethod.php(34): Illuminate\\Container\\BoundMethod::callBoundMethod(Object(Illuminate\\Foundation\\Application), Array, Object(Closure))
#12 D:\\xampp\\htdocs\\desarrollos\\bapp_vuexi\\vendor\\laravel\\framework\\src\\Illuminate\\Container\\Container.php(590): Illuminate\\Container\\BoundMethod::call(Object(Illuminate\\Foundation\\Application), Array, Array, NULL)
#13 D:\\xampp\\htdocs\\desarrollos\\bapp_vuexi\\vendor\\laravel\\framework\\src\\Illuminate\\Console\\Command.php(202): Illuminate\\Container\\Container->call(Array)
#14 D:\\xampp\\htdocs\\desarrollos\\bapp_vuexi\\vendor\\symfony\\console\\Command\\Command.php(255): Illuminate\\Console\\Command->execute(Object(Symfony\\Component\\Console\\Input\\ArgvInput), Object(Illuminate\\Console\\OutputStyle))
#15 D:\\xampp\\htdocs\\desarrollos\\bapp_vuexi\\vendor\\laravel\\framework\\src\\Illuminate\\Console\\Command.php(189): Symfony\\Component\\Console\\Command\\Command->run(Object(Symfony\\Component\\Console\\Input\\ArgvInput), Object(Illuminate\\Console\\OutputStyle))
#16 D:\\xampp\\htdocs\\desarrollos\\bapp_vuexi\\vendor\\symfony\\console\\Application.php(1011): Illuminate\\Console\\Command->run(Object(Symfony\\Component\\Console\\Input\\ArgvInput), Object(Symfony\\Component\\Console\\Output\\ConsoleOutput))
#17 D:\\xampp\\htdocs\\desarrollos\\bapp_vuexi\\vendor\\symfony\\console\\Application.php(272): Symfony\\Component\\Console\\Application->doRunCommand(Object(Illuminate\\Database\\Console\\Migrations\\MigrateCommand), Object(Symfony\\Component\\Console\\Input\\ArgvInput), Object(Symfony\\Component\\Console\\Output\\ConsoleOutput))
#18 D:\\xampp\\htdocs\\desarrollos\\bapp_vuexi\\vendor\\symfony\\console\\Application.php(148): Symfony\\Component\\Console\\Application->doRun(Object(Symfony\\Component\\Console\\Input\\ArgvInput), Object(Symfony\\Component\\Console\\Output\\ConsoleOutput))
#19 D:\\xampp\\htdocs\\desarrollos\\bapp_vuexi\\vendor\\laravel\\framework\\src\\Illuminate\\Console\\Application.php(93): Symfony\\Component\\Console\\Application->run(Object(Symfony\\Component\\Console\\Input\\ArgvInput), Object(Symfony\\Component\\Console\\Output\\ConsoleOutput))
#20 D:\\xampp\\htdocs\\desarrollos\\bapp_vuexi\\vendor\\laravel\\framework\\src\\Illuminate\\Foundation\\Console\\Kernel.php(131): Illuminate\\Console\\Application->run(Object(Symfony\\Component\\Console\\Input\\ArgvInput), Object(Symfony\\Component\\Console\\Output\\ConsoleOutput))
#21 D:\\xampp\\htdocs\\desarrollos\\bapp_vuexi\\artisan(37): Illuminate\\Foundation\\Console\\Kernel->handle(Object(Symfony\\Component\\Console\\Input\\ArgvInput), Object(Symfony\\Component\\Console\\Output\\ConsoleOutput))
#22 {main}

[previous exception] [object] (PDOException(code: 1049): SQLSTATE[HY000] [1049] Unknown database 'laravel' at D:\\xampp\\htdocs\\desarrollos\\bapp_vuexi\\vendor\\laravel\\framework\\src\\Illuminate\\Database\\Connectors\\Connector.php:70)
[stacktrace]
#0 D:\\xampp\\htdocs\\desarrollos\\bapp_vuexi\\vendor\\laravel\\framework\\src\\Illuminate\\Database\\Connectors\\Connector.php(70): PDO->__construct('mysql:host=127....', 'root', '', Array)
#1 D:\\xampp\\htdocs\\desarrollos\\bapp_vuexi\\vendor\\laravel\\framework\\src\\Illuminate\\Database\\Connectors\\Connector.php(46): Illuminate\\Database\\Connectors\\Connector->createPdoConnection('mysql:host=127....', 'root', '', Array)
#2 D:\\xampp\\htdocs\\desarrollos\\bapp_vuexi\\vendor\\laravel\\framework\\src\\Illuminate\\Database\\Connectors\\MySqlConnector.php(24): Illuminate\\Database\\Connectors\\Connector->createConnection('mysql:host=127....', Array, Array)
#3 D:\\xampp\\htdocs\\desarrollos\\bapp_vuexi\\vendor\\laravel\\framework\\src\\Illuminate\\Database\\Connectors\\ConnectionFactory.php(182): Illuminate\\Database\\Connectors\\MySqlConnector->connect(Array)
#4 [internal function]: Illuminate\\Database\\Connectors\\ConnectionFactory->Illuminate\\Database\\Connectors\\{closure}()
#5 D:\\xampp\\htdocs\\desarrollos\\bapp_vuexi\\vendor\\laravel\\framework\\src\\Illuminate\\Database\\Connection.php(924): call_user_func(Object(Closure))
#6 D:\\xampp\\htdocs\\desarrollos\\bapp_vuexi\\vendor\\laravel\\framework\\src\\Illuminate\\Database\\Connection.php(949): Illuminate\\Database\\Connection->getPdo()
#7 D:\\xampp\\htdocs\\desarrollos\\bapp_vuexi\\vendor\\laravel\\framework\\src\\Illuminate\\Database\\Connection.php(404): Illuminate\\Database\\Connection->getReadPdo()
#8 D:\\xampp\\htdocs\\desarrollos\\bapp_vuexi\\vendor\\laravel\\framework\\src\\Illuminate\\Database\\Connection.php(330): Illuminate\\Database\\Connection->getPdoForSelect(true)
#9 D:\\xampp\\htdocs\\desarrollos\\bapp_vuexi\\vendor\\laravel\\framework\\src\\Illuminate\\Database\\Connection.php(662): Illuminate\\Database\\Connection->Illuminate\\Database\\{closure}('select * from i...', Array)
#10 D:\\xampp\\htdocs\\desarrollos\\bapp_vuexi\\vendor\\laravel\\framework\\src\\Illuminate\\Database\\Connection.php(629): Illuminate\\Database\\Connection->runQueryCallback('select * from i...', Array, Object(Closure))
#11 D:\\xampp\\htdocs\\desarrollos\\bapp_vuexi\\vendor\\laravel\\framework\\src\\Illuminate\\Database\\Connection.php(338): Illuminate\\Database\\Connection->run('select * from i...', Array, Object(Closure))
#12 D:\\xampp\\htdocs\\desarrollos\\bapp_vuexi\\vendor\\laravel\\framework\\src\\Illuminate\\Database\\Schema\\MySqlBuilder.php(18): Illuminate\\Database\\Connection->select('select * from i...', Array)
#13 D:\\xampp\\htdocs\\desarrollos\\bapp_vuexi\\vendor\\laravel\\framework\\src\\Illuminate\\Database\\Migrations\\DatabaseMigrationRepository.php(169): Illuminate\\Database\\Schema\\MySqlBuilder->hasTable('migrations')
#14 D:\\xampp\\htdocs\\desarrollos\\bapp_vuexi\\vendor\\laravel\\framework\\src\\Illuminate\\Database\\Migrations\\Migrator.php(585): Illuminate\\Database\\Migrations\\DatabaseMigrationRepository->repositoryExists()
#15 D:\\xampp\\htdocs\\desarrollos\\bapp_vuexi\\vendor\\laravel\\framework\\src\\Illuminate\\Database\\Console\\Migrations\\MigrateCommand.php(91): Illuminate\\Database\\Migrations\\Migrator->repositoryExists()
#16 D:\\xampp\\htdocs\\desarrollos\\bapp_vuexi\\vendor\\laravel\\framework\\src\\Illuminate\\Database\\Console\\Migrations\\MigrateCommand.php(63): Illuminate\\Database\\Console\\Migrations\\MigrateCommand->prepareDatabase()
#17 [internal function]: Illuminate\\Database\\Console\\Migrations\\MigrateCommand->handle()
#18 D:\\xampp\\htdocs\\desarrollos\\bapp_vuexi\\vendor\\laravel\\framework\\src\\Illuminate\\Container\\BoundMethod.php(32): call_user_func_array(Array, Array)
#19 D:\\xampp\\htdocs\\desarrollos\\bapp_vuexi\\vendor\\laravel\\framework\\src\\Illuminate\\Container\\Util.php(36): Illuminate\\Container\\BoundMethod::Illuminate\\Container\\{closure}()
#20 D:\\xampp\\htdocs\\desarrollos\\bapp_vuexi\\vendor\\laravel\\framework\\src\\Illuminate\\Container\\BoundMethod.php(90): Illuminate\\Container\\Util::unwrapIfClosure(Object(Closure))
#21 D:\\xampp\\htdocs\\desarrollos\\bapp_vuexi\\vendor\\laravel\\framework\\src\\Illuminate\\Container\\BoundMethod.php(34): Illuminate\\Container\\BoundMethod::callBoundMethod(Object(Illuminate\\Foundation\\Application), Array, Object(Closure))
#22 D:\\xampp\\htdocs\\desarrollos\\bapp_vuexi\\vendor\\laravel\\framework\\src\\Illuminate\\Container\\Container.php(590): Illuminate\\Container\\BoundMethod::call(Object(Illuminate\\Foundation\\Application), Array, Array, NULL)
#23 D:\\xampp\\htdocs\\desarrollos\\bapp_vuexi\\vendor\\laravel\\framework\\src\\Illuminate\\Console\\Command.php(202): Illuminate\\Container\\Container->call(Array)
#24 D:\\xampp\\htdocs\\desarrollos\\bapp_vuexi\\vendor\\symfony\\console\\Command\\Command.php(255): Illuminate\\Console\\Command->execute(Object(Symfony\\Component\\Console\\Input\\ArgvInput), Object(Illuminate\\Console\\OutputStyle))
#25 D:\\xampp\\htdocs\\desarrollos\\bapp_vuexi\\vendor\\laravel\\framework\\src\\Illuminate\\Console\\Command.php(189): Symfony\\Component\\Console\\Command\\Command->run(Object(Symfony\\Component\\Console\\Input\\ArgvInput), Object(Illuminate\\Console\\OutputStyle))
#26 D:\\xampp\\htdocs\\desarrollos\\bapp_vuexi\\vendor\\symfony\\console\\Application.php(1011): Illuminate\\Console\\Command->run(Object(Symfony\\Component\\Console\\Input\\ArgvInput), Object(Symfony\\Component\\Console\\Output\\ConsoleOutput))
#27 D:\\xampp\\htdocs\\desarrollos\\bapp_vuexi\\vendor\\symfony\\console\\Application.php(272): Symfony\\Component\\Console\\Application->doRunCommand(Object(Illuminate\\Database\\Console\\Migrations\\MigrateCommand), Object(Symfony\\Component\\Console\\Input\\ArgvInput), Object(Symfony\\Component\\Console\\Output\\ConsoleOutput))
#28 D:\\xampp\\htdocs\\desarrollos\\bapp_vuexi\\vendor\\symfony\\console\\Application.php(148): Symfony\\Component\\Console\\Application->doRun(Object(Symfony\\Component\\Console\\Input\\ArgvInput), Object(Symfony\\Component\\Console\\Output\\ConsoleOutput))
#29 D:\\xampp\\htdocs\\desarrollos\\bapp_vuexi\\vendor\\laravel\\framework\\src\\Illuminate\\Console\\Application.php(93): Symfony\\Component\\Console\\Application->run(Object(Symfony\\Component\\Console\\Input\\ArgvInput), Object(Symfony\\Component\\Console\\Output\\ConsoleOutput))
#30 D:\\xampp\\htdocs\\desarrollos\\bapp_vuexi\\vendor\\laravel\\framework\\src\\Illuminate\\Foundation\\Console\\Kernel.php(131): Illuminate\\Console\\Application->run(Object(Symfony\\Component\\Console\\Input\\ArgvInput), Object(Symfony\\Component\\Console\\Output\\ConsoleOutput))
#31 D:\\xampp\\htdocs\\desarrollos\\bapp_vuexi\\artisan(37): Illuminate\\Foundation\\Console\\Kernel->handle(Object(Symfony\\Component\\Console\\Input\\ArgvInput), Object(Symfony\\Component\\Console\\Output\\ConsoleOutput))
#32 {main}
"} 
