[2020-03-25 00:21:55] local.ERROR: include(D:\xampp\htdocs\desarrollos\bapp_vuexi\vendor\composer/../../app/Http/Controllers/AuthController.php): failed to open stream: No such file or directory {"exception":"[object] (ErrorException(code: 0): include(D:\\xampp\\htdocs\\desarrollos\\bapp_vuexi\\vendor\\composer/../../app/Http/Controllers/AuthController.php): failed to open stream: No such file or directory at D:\\xampp\\htdocs\\desarrollos\\bapp_vuexi\\vendor\\composer\\ClassLoader.php:444)
[stacktrace]
#0 D:\\xampp\\htdocs\\desarrollos\\bapp_vuexi\\vendor\\composer\\ClassLoader.php(444): Illuminate\\Foundation\\Bootstrap\\HandleExceptions->handleError(2, 'include(D:\\\\xamp...', 'D:\\\\xampp\\\\htdocs...', 444, Array)
#1 D:\\xampp\\htdocs\\desarrollos\\bapp_vuexi\\vendor\\composer\\ClassLoader.php(444): include()
#2 D:\\xampp\\htdocs\\desarrollos\\bapp_vuexi\\vendor\\composer\\ClassLoader.php(322): Composer\\Autoload\\includeFile('D:\\\\xampp\\\\htdocs...')
#3 [internal function]: Composer\\Autoload\\ClassLoader->loadClass('App\\\\Http\\\\Contro...')
#4 [internal function]: spl_autoload_call('App\\\\Http\\\\Contro...')
#5 D:\\xampp\\htdocs\\desarrollos\\bapp_vuexi\\vendor\\laravel\\framework\\src\\Illuminate\\Container\\Container.php(803): ReflectionClass->__construct('App\\\\Http\\\\Contro...')
#6 D:\\xampp\\htdocs\\desarrollos\\bapp_vuexi\\vendor\\laravel\\framework\\src\\Illuminate\\Container\\Container.php(681): Illuminate\\Container\\Container->build('App\\\\Http\\\\Contro...')
#7 D:\\xampp\\htdocs\\desarrollos\\bapp_vuexi\\vendor\\laravel\\framework\\src\\Illuminate\\Container\\Container.php(629): Illuminate\\Container\\Container->resolve('App\\\\Http\\\\Contro...', Array)
#8 D:\\xampp\\htdocs\\desarrollos\\bapp_vuexi\\vendor\\laravel\\framework\\src\\Illuminate\\Foundation\\Application.php(769): Illuminate\\Container\\Container->make('App\\\\Http\\\\Contro...', Array)
#9 D:\\xampp\\htdocs\\desarrollos\\bapp_vuexi\\vendor\\laravel\\framework\\src\\Illuminate\\Routing\\Route.php(233): Illuminate\\Foundation\\Application->make('App\\\\Http\\\\Contro...')
#10 D:\\xampp\\htdocs\\desarrollos\\bapp_vuexi\\vendor\\laravel\\framework\\src\\Illuminate\\Routing\\Route.php(833): Illuminate\\Routing\\Route->getController()
#11 D:\\xampp\\htdocs\\desarrollos\\bapp_vuexi\\vendor\\laravel\\framework\\src\\Illuminate\\Routing\\Route.php(794): Illuminate\\Routing\\Route->controllerMiddleware()
#12 D:\\xampp\\htdocs\\desarrollos\\bapp_vuexi\\vendor\\laravel\\framework\\src\\Illuminate\\Foundation\\Console\\RouteListCommand.php(173): Illuminate\\Routing\\Route->gatherMiddleware()
#13 D:\\xampp\\htdocs\\desarrollos\\bapp_vuexi\\vendor\\laravel\\framework\\src\\Illuminate\\Foundation\\Console\\RouteListCommand.php(117): Illuminate\\Foundation\\Console\\RouteListCommand->getMiddleware(Object(Illuminate\\Routing\\Route))
#14 D:\\xampp\\htdocs\\desarrollos\\bapp_vuexi\\vendor\\laravel\\framework\\src\\Illuminate\\Foundation\\Console\\RouteListCommand.php(89): Illuminate\\Foundation\\Console\\RouteListCommand->getRouteInformation(Object(Illuminate\\Routing\\Route))
#15 [internal function]: Illuminate\\Foundation\\Console\\RouteListCommand->Illuminate\\Foundation\\Console\\{closure}(Object(Illuminate\\Routing\\Route), 0)
#16 D:\\xampp\\htdocs\\desarrollos\\bapp_vuexi\\vendor\\laravel\\framework\\src\\Illuminate\\Support\\Collection.php(638): array_map(Object(Closure), Array, Array)
#17 D:\\xampp\\htdocs\\desarrollos\\bapp_vuexi\\vendor\\laravel\\framework\\src\\Illuminate\\Foundation\\Console\\RouteListCommand.php(90): Illuminate\\Support\\Collection->map(Object(Closure))
#18 D:\\xampp\\htdocs\\desarrollos\\bapp_vuexi\\vendor\\laravel\\framework\\src\\Illuminate\\Foundation\\Console\\RouteListCommand.php(74): Illuminate\\Foundation\\Console\\RouteListCommand->getRoutes()
#19 [internal function]: Illuminate\\Foundation\\Console\\RouteListCommand->handle()
#20 D:\\xampp\\htdocs\\desarrollos\\bapp_vuexi\\vendor\\laravel\\framework\\src\\Illuminate\\Container\\BoundMethod.php(32): call_user_func_array(Array, Array)
#21 D:\\xampp\\htdocs\\desarrollos\\bapp_vuexi\\vendor\\laravel\\framework\\src\\Illuminate\\Container\\Util.php(36): Illuminate\\Container\\BoundMethod::Illuminate\\Container\\{closure}()
#22 D:\\xampp\\htdocs\\desarrollos\\bapp_vuexi\\vendor\\laravel\\framework\\src\\Illuminate\\Container\\BoundMethod.php(90): Illuminate\\Container\\Util::unwrapIfClosure(Object(Closure))
#23 D:\\xampp\\htdocs\\desarrollos\\bapp_vuexi\\vendor\\laravel\\framework\\src\\Illuminate\\Container\\BoundMethod.php(34): Illuminate\\Container\\BoundMethod::callBoundMethod(Object(Illuminate\\Foundation\\Application), Array, Object(Closure))
#24 D:\\xampp\\htdocs\\desarrollos\\bapp_vuexi\\vendor\\laravel\\framework\\src\\Illuminate\\Container\\Container.php(590): Illuminate\\Container\\BoundMethod::call(Object(Illuminate\\Foundation\\Application), Array, Array, NULL)
#25 D:\\xampp\\htdocs\\desarrollos\\bapp_vuexi\\vendor\\laravel\\framework\\src\\Illuminate\\Console\\Command.php(202): Illuminate\\Container\\Container->call(Array)
#26 D:\\xampp\\htdocs\\desarrollos\\bapp_vuexi\\vendor\\symfony\\console\\Command\\Command.php(255): Illuminate\\Console\\Command->execute(Object(Symfony\\Component\\Console\\Input\\ArgvInput), Object(Illuminate\\Console\\OutputStyle))
#27 D:\\xampp\\htdocs\\desarrollos\\bapp_vuexi\\vendor\\laravel\\framework\\src\\Illuminate\\Console\\Command.php(189): Symfony\\Component\\Console\\Command\\Command->run(Object(Symfony\\Component\\Console\\Input\\ArgvInput), Object(Illuminate\\Console\\OutputStyle))
#28 D:\\xampp\\htdocs\\desarrollos\\bapp_vuexi\\vendor\\symfony\\console\\Application.php(1011): Illuminate\\Console\\Command->run(Object(Symfony\\Component\\Console\\Input\\ArgvInput), Object(Symfony\\Component\\Console\\Output\\ConsoleOutput))
#29 D:\\xampp\\htdocs\\desarrollos\\bapp_vuexi\\vendor\\symfony\\console\\Application.php(272): Symfony\\Component\\Console\\Application->doRunCommand(Object(Illuminate\\Foundation\\Console\\RouteListCommand), Object(Symfony\\Component\\Console\\Input\\ArgvInput), Object(Symfony\\Component\\Console\\Output\\ConsoleOutput))
#30 D:\\xampp\\htdocs\\desarrollos\\bapp_vuexi\\vendor\\symfony\\console\\Application.php(148): Symfony\\Component\\Console\\Application->doRun(Object(Symfony\\Component\\Console\\Input\\ArgvInput), Object(Symfony\\Component\\Console\\Output\\ConsoleOutput))
#31 D:\\xampp\\htdocs\\desarrollos\\bapp_vuexi\\vendor\\laravel\\framework\\src\\Illuminate\\Console\\Application.php(93): Symfony\\Component\\Console\\Application->run(Object(Symfony\\Component\\Console\\Input\\ArgvInput), Object(Symfony\\Component\\Console\\Output\\ConsoleOutput))
#32 D:\\xampp\\htdocs\\desarrollos\\bapp_vuexi\\vendor\\laravel\\framework\\src\\Illuminate\\Foundation\\Console\\Kernel.php(131): Illuminate\\Console\\Application->run(Object(Symfony\\Component\\Console\\Input\\ArgvInput), Object(Symfony\\Component\\Console\\Output\\ConsoleOutput))
#33 D:\\xampp\\htdocs\\desarrollos\\bapp_vuexi\\artisan(37): Illuminate\\Foundation\\Console\\Kernel->handle(Object(Symfony\\Component\\Console\\Input\\ArgvInput), Object(Symfony\\Component\\Console\\Output\\ConsoleOutput))
#34 {main}
"} 
[2020-03-25 00:22:42] local.ERROR: include(D:\xampp\htdocs\desarrollos\bapp_vuexi\vendor\composer/../../app/Http/Controllers/AuthController.php): failed to open stream: No such file or directory {"exception":"[object] (ErrorException(code: 0): include(D:\\xampp\\htdocs\\desarrollos\\bapp_vuexi\\vendor\\composer/../../app/Http/Controllers/AuthController.php): failed to open stream: No such file or directory at D:\\xampp\\htdocs\\desarrollos\\bapp_vuexi\\vendor\\composer\\ClassLoader.php:444)
[stacktrace]
#0 D:\\xampp\\htdocs\\desarrollos\\bapp_vuexi\\vendor\\composer\\ClassLoader.php(444): Illuminate\\Foundation\\Bootstrap\\HandleExceptions->handleError(2, 'include(D:\\\\xamp...', 'D:\\\\xampp\\\\htdocs...', 444, Array)
#1 D:\\xampp\\htdocs\\desarrollos\\bapp_vuexi\\vendor\\composer\\ClassLoader.php(444): include()
#2 D:\\xampp\\htdocs\\desarrollos\\bapp_vuexi\\vendor\\composer\\ClassLoader.php(322): Composer\\Autoload\\includeFile('D:\\\\xampp\\\\htdocs...')
#3 [internal function]: Composer\\Autoload\\ClassLoader->loadClass('App\\\\Http\\\\Contro...')
#4 [internal function]: spl_autoload_call('App\\\\Http\\\\Contro...')
#5 D:\\xampp\\htdocs\\desarrollos\\bapp_vuexi\\vendor\\laravel\\framework\\src\\Illuminate\\Container\\Container.php(803): ReflectionClass->__construct('App\\\\Http\\\\Contro...')
#6 D:\\xampp\\htdocs\\desarrollos\\bapp_vuexi\\vendor\\laravel\\framework\\src\\Illuminate\\Container\\Container.php(681): Illuminate\\Container\\Container->build('App\\\\Http\\\\Contro...')
#7 D:\\xampp\\htdocs\\desarrollos\\bapp_vuexi\\vendor\\laravel\\framework\\src\\Illuminate\\Container\\Container.php(629): Illuminate\\Container\\Container->resolve('App\\\\Http\\\\Contro...', Array)
#8 D:\\xampp\\htdocs\\desarrollos\\bapp_vuexi\\vendor\\laravel\\framework\\src\\Illuminate\\Foundation\\Application.php(769): Illuminate\\Container\\Container->make('App\\\\Http\\\\Contro...', Array)
#9 D:\\xampp\\htdocs\\desarrollos\\bapp_vuexi\\vendor\\laravel\\framework\\src\\Illuminate\\Routing\\Route.php(233): Illuminate\\Foundation\\Application->make('App\\\\Http\\\\Contro...')
#10 D:\\xampp\\htdocs\\desarrollos\\bapp_vuexi\\vendor\\laravel\\framework\\src\\Illuminate\\Routing\\Route.php(833): Illuminate\\Routing\\Route->getController()
#11 D:\\xampp\\htdocs\\desarrollos\\bapp_vuexi\\vendor\\laravel\\framework\\src\\Illuminate\\Routing\\Route.php(794): Illuminate\\Routing\\Route->controllerMiddleware()
#12 D:\\xampp\\htdocs\\desarrollos\\bapp_vuexi\\vendor\\laravel\\framework\\src\\Illuminate\\Foundation\\Console\\RouteListCommand.php(173): Illuminate\\Routing\\Route->gatherMiddleware()
#13 D:\\xampp\\htdocs\\desarrollos\\bapp_vuexi\\vendor\\laravel\\framework\\src\\Illuminate\\Foundation\\Console\\RouteListCommand.php(117): Illuminate\\Foundation\\Console\\RouteListCommand->getMiddleware(Object(Illuminate\\Routing\\Route))
#14 D:\\xampp\\htdocs\\desarrollos\\bapp_vuexi\\vendor\\laravel\\framework\\src\\Illuminate\\Foundation\\Console\\RouteListCommand.php(89): Illuminate\\Foundation\\Console\\RouteListCommand->getRouteInformation(Object(Illuminate\\Routing\\Route))
#15 [internal function]: Illuminate\\Foundation\\Console\\RouteListCommand->Illuminate\\Foundation\\Console\\{closure}(Object(Illuminate\\Routing\\Route), 0)
#16 D:\\xampp\\htdocs\\desarrollos\\bapp_vuexi\\vendor\\laravel\\framework\\src\\Illuminate\\Support\\Collection.php(638): array_map(Object(Closure), Array, Array)
#17 D:\\xampp\\htdocs\\desarrollos\\bapp_vuexi\\vendor\\laravel\\framework\\src\\Illuminate\\Foundation\\Console\\RouteListCommand.php(90): Illuminate\\Support\\Collection->map(Object(Closure))
#18 D:\\xampp\\htdocs\\desarrollos\\bapp_vuexi\\vendor\\laravel\\framework\\src\\Illuminate\\Foundation\\Console\\RouteListCommand.php(74): Illuminate\\Foundation\\Console\\RouteListCommand->getRoutes()
#19 [internal function]: Illuminate\\Foundation\\Console\\RouteListCommand->handle()
#20 D:\\xampp\\htdocs\\desarrollos\\bapp_vuexi\\vendor\\laravel\\framework\\src\\Illuminate\\Container\\BoundMethod.php(32): call_user_func_array(Array, Array)
#21 D:\\xampp\\htdocs\\desarrollos\\bapp_vuexi\\vendor\\laravel\\framework\\src\\Illuminate\\Container\\Util.php(36): Illuminate\\Container\\BoundMethod::Illuminate\\Container\\{closure}()
#22 D:\\xampp\\htdocs\\desarrollos\\bapp_vuexi\\vendor\\laravel\\framework\\src\\Illuminate\\Container\\BoundMethod.php(90): Illuminate\\Container\\Util::unwrapIfClosure(Object(Closure))
#23 D:\\xampp\\htdocs\\desarrollos\\bapp_vuexi\\vendor\\laravel\\framework\\src\\Illuminate\\Container\\BoundMethod.php(34): Illuminate\\Container\\BoundMethod::callBoundMethod(Object(Illuminate\\Foundation\\Application), Array, Object(Closure))
#24 D:\\xampp\\htdocs\\desarrollos\\bapp_vuexi\\vendor\\laravel\\framework\\src\\Illuminate\\Container\\Container.php(590): Illuminate\\Container\\BoundMethod::call(Object(Illuminate\\Foundation\\Application), Array, Array, NULL)
#25 D:\\xampp\\htdocs\\desarrollos\\bapp_vuexi\\vendor\\laravel\\framework\\src\\Illuminate\\Console\\Command.php(202): Illuminate\\Container\\Container->call(Array)
#26 D:\\xampp\\htdocs\\desarrollos\\bapp_vuexi\\vendor\\symfony\\console\\Command\\Command.php(255): Illuminate\\Console\\Command->execute(Object(Symfony\\Component\\Console\\Input\\ArgvInput), Object(Illuminate\\Console\\OutputStyle))
#27 D:\\xampp\\htdocs\\desarrollos\\bapp_vuexi\\vendor\\laravel\\framework\\src\\Illuminate\\Console\\Command.php(189): Symfony\\Component\\Console\\Command\\Command->run(Object(Symfony\\Component\\Console\\Input\\ArgvInput), Object(Illuminate\\Console\\OutputStyle))
#28 D:\\xampp\\htdocs\\desarrollos\\bapp_vuexi\\vendor\\symfony\\console\\Application.php(1011): Illuminate\\Console\\Command->run(Object(Symfony\\Component\\Console\\Input\\ArgvInput), Object(Symfony\\Component\\Console\\Output\\ConsoleOutput))
#29 D:\\xampp\\htdocs\\desarrollos\\bapp_vuexi\\vendor\\symfony\\console\\Application.php(272): Symfony\\Component\\Console\\Application->doRunCommand(Object(Illuminate\\Foundation\\Console\\RouteListCommand), Object(Symfony\\Component\\Console\\Input\\ArgvInput), Object(Symfony\\Component\\Console\\Output\\ConsoleOutput))
#30 D:\\xampp\\htdocs\\desarrollos\\bapp_vuexi\\vendor\\symfony\\console\\Application.php(148): Symfony\\Component\\Console\\Application->doRun(Object(Symfony\\Component\\Console\\Input\\ArgvInput), Object(Symfony\\Component\\Console\\Output\\ConsoleOutput))
#31 D:\\xampp\\htdocs\\desarrollos\\bapp_vuexi\\vendor\\laravel\\framework\\src\\Illuminate\\Console\\Application.php(93): Symfony\\Component\\Console\\Application->run(Object(Symfony\\Component\\Console\\Input\\ArgvInput), Object(Symfony\\Component\\Console\\Output\\ConsoleOutput))
#32 D:\\xampp\\htdocs\\desarrollos\\bapp_vuexi\\vendor\\laravel\\framework\\src\\Illuminate\\Foundation\\Console\\Kernel.php(131): Illuminate\\Console\\Application->run(Object(Symfony\\Component\\Console\\Input\\ArgvInput), Object(Symfony\\Component\\Console\\Output\\ConsoleOutput))
#33 D:\\xampp\\htdocs\\desarrollos\\bapp_vuexi\\artisan(37): Illuminate\\Foundation\\Console\\Kernel->handle(Object(Symfony\\Component\\Console\\Input\\ArgvInput), Object(Symfony\\Component\\Console\\Output\\ConsoleOutput))
#34 {main}
"} 
[2020-03-25 00:22:44] local.ERROR: include(D:\xampp\htdocs\desarrollos\bapp_vuexi\vendor\composer/../../app/Http/Controllers/AuthController.php): failed to open stream: No such file or directory {"exception":"[object] (ErrorException(code: 0): include(D:\\xampp\\htdocs\\desarrollos\\bapp_vuexi\\vendor\\composer/../../app/Http/Controllers/AuthController.php): failed to open stream: No such file or directory at D:\\xampp\\htdocs\\desarrollos\\bapp_vuexi\\vendor\\composer\\ClassLoader.php:444)
[stacktrace]
#0 D:\\xampp\\htdocs\\desarrollos\\bapp_vuexi\\vendor\\composer\\ClassLoader.php(444): Illuminate\\Foundation\\Bootstrap\\HandleExceptions->handleError(2, 'include(D:\\\\xamp...', 'D:\\\\xampp\\\\htdocs...', 444, Array)
#1 D:\\xampp\\htdocs\\desarrollos\\bapp_vuexi\\vendor\\composer\\ClassLoader.php(444): include()
#2 D:\\xampp\\htdocs\\desarrollos\\bapp_vuexi\\vendor\\composer\\ClassLoader.php(322): Composer\\Autoload\\includeFile('D:\\\\xampp\\\\htdocs...')
#3 [internal function]: Composer\\Autoload\\ClassLoader->loadClass('App\\\\Http\\\\Contro...')
#4 [internal function]: spl_autoload_call('App\\\\Http\\\\Contro...')
#5 D:\\xampp\\htdocs\\desarrollos\\bapp_vuexi\\vendor\\laravel\\framework\\src\\Illuminate\\Container\\Container.php(803): ReflectionClass->__construct('App\\\\Http\\\\Contro...')
#6 D:\\xampp\\htdocs\\desarrollos\\bapp_vuexi\\vendor\\laravel\\framework\\src\\Illuminate\\Container\\Container.php(681): Illuminate\\Container\\Container->build('App\\\\Http\\\\Contro...')
#7 D:\\xampp\\htdocs\\desarrollos\\bapp_vuexi\\vendor\\laravel\\framework\\src\\Illuminate\\Container\\Container.php(629): Illuminate\\Container\\Container->resolve('App\\\\Http\\\\Contro...', Array)
#8 D:\\xampp\\htdocs\\desarrollos\\bapp_vuexi\\vendor\\laravel\\framework\\src\\Illuminate\\Foundation\\Application.php(769): Illuminate\\Container\\Container->make('App\\\\Http\\\\Contro...', Array)
#9 D:\\xampp\\htdocs\\desarrollos\\bapp_vuexi\\vendor\\laravel\\framework\\src\\Illuminate\\Routing\\Route.php(233): Illuminate\\Foundation\\Application->make('App\\\\Http\\\\Contro...')
#10 D:\\xampp\\htdocs\\desarrollos\\bapp_vuexi\\vendor\\laravel\\framework\\src\\Illuminate\\Routing\\Route.php(833): Illuminate\\Routing\\Route->getController()
#11 D:\\xampp\\htdocs\\desarrollos\\bapp_vuexi\\vendor\\laravel\\framework\\src\\Illuminate\\Routing\\Route.php(794): Illuminate\\Routing\\Route->controllerMiddleware()
#12 D:\\xampp\\htdocs\\desarrollos\\bapp_vuexi\\vendor\\laravel\\framework\\src\\Illuminate\\Foundation\\Console\\RouteListCommand.php(173): Illuminate\\Routing\\Route->gatherMiddleware()
#13 D:\\xampp\\htdocs\\desarrollos\\bapp_vuexi\\vendor\\laravel\\framework\\src\\Illuminate\\Foundation\\Console\\RouteListCommand.php(117): Illuminate\\Foundation\\Console\\RouteListCommand->getMiddleware(Object(Illuminate\\Routing\\Route))
#14 D:\\xampp\\htdocs\\desarrollos\\bapp_vuexi\\vendor\\laravel\\framework\\src\\Illuminate\\Foundation\\Console\\RouteListCommand.php(89): Illuminate\\Foundation\\Console\\RouteListCommand->getRouteInformation(Object(Illuminate\\Routing\\Route))
#15 [internal function]: Illuminate\\Foundation\\Console\\RouteListCommand->Illuminate\\Foundation\\Console\\{closure}(Object(Illuminate\\Routing\\Route), 0)
#16 D:\\xampp\\htdocs\\desarrollos\\bapp_vuexi\\vendor\\laravel\\framework\\src\\Illuminate\\Support\\Collection.php(638): array_map(Object(Closure), Array, Array)
#17 D:\\xampp\\htdocs\\desarrollos\\bapp_vuexi\\vendor\\laravel\\framework\\src\\Illuminate\\Foundation\\Console\\RouteListCommand.php(90): Illuminate\\Support\\Collection->map(Object(Closure))
#18 D:\\xampp\\htdocs\\desarrollos\\bapp_vuexi\\vendor\\laravel\\framework\\src\\Illuminate\\Foundation\\Console\\RouteListCommand.php(74): Illuminate\\Foundation\\Console\\RouteListCommand->getRoutes()
#19 [internal function]: Illuminate\\Foundation\\Console\\RouteListCommand->handle()
#20 D:\\xampp\\htdocs\\desarrollos\\bapp_vuexi\\vendor\\laravel\\framework\\src\\Illuminate\\Container\\BoundMethod.php(32): call_user_func_array(Array, Array)
#21 D:\\xampp\\htdocs\\desarrollos\\bapp_vuexi\\vendor\\laravel\\framework\\src\\Illuminate\\Container\\Util.php(36): Illuminate\\Container\\BoundMethod::Illuminate\\Container\\{closure}()
#22 D:\\xampp\\htdocs\\desarrollos\\bapp_vuexi\\vendor\\laravel\\framework\\src\\Illuminate\\Container\\BoundMethod.php(90): Illuminate\\Container\\Util::unwrapIfClosure(Object(Closure))
#23 D:\\xampp\\htdocs\\desarrollos\\bapp_vuexi\\vendor\\laravel\\framework\\src\\Illuminate\\Container\\BoundMethod.php(34): Illuminate\\Container\\BoundMethod::callBoundMethod(Object(Illuminate\\Foundation\\Application), Array, Object(Closure))
#24 D:\\xampp\\htdocs\\desarrollos\\bapp_vuexi\\vendor\\laravel\\framework\\src\\Illuminate\\Container\\Container.php(590): Illuminate\\Container\\BoundMethod::call(Object(Illuminate\\Foundation\\Application), Array, Array, NULL)
#25 D:\\xampp\\htdocs\\desarrollos\\bapp_vuexi\\vendor\\laravel\\framework\\src\\Illuminate\\Console\\Command.php(202): Illuminate\\Container\\Container->call(Array)
#26 D:\\xampp\\htdocs\\desarrollos\\bapp_vuexi\\vendor\\symfony\\console\\Command\\Command.php(255): Illuminate\\Console\\Command->execute(Object(Symfony\\Component\\Console\\Input\\ArgvInput), Object(Illuminate\\Console\\OutputStyle))
#27 D:\\xampp\\htdocs\\desarrollos\\bapp_vuexi\\vendor\\laravel\\framework\\src\\Illuminate\\Console\\Command.php(189): Symfony\\Component\\Console\\Command\\Command->run(Object(Symfony\\Component\\Console\\Input\\ArgvInput), Object(Illuminate\\Console\\OutputStyle))
#28 D:\\xampp\\htdocs\\desarrollos\\bapp_vuexi\\vendor\\symfony\\console\\Application.php(1011): Illuminate\\Console\\Command->run(Object(Symfony\\Component\\Console\\Input\\ArgvInput), Object(Symfony\\Component\\Console\\Output\\ConsoleOutput))
#29 D:\\xampp\\htdocs\\desarrollos\\bapp_vuexi\\vendor\\symfony\\console\\Application.php(272): Symfony\\Component\\Console\\Application->doRunCommand(Object(Illuminate\\Foundation\\Console\\RouteListCommand), Object(Symfony\\Component\\Console\\Input\\ArgvInput), Object(Symfony\\Component\\Console\\Output\\ConsoleOutput))
#30 D:\\xampp\\htdocs\\desarrollos\\bapp_vuexi\\vendor\\symfony\\console\\Application.php(148): Symfony\\Component\\Console\\Application->doRun(Object(Symfony\\Component\\Console\\Input\\ArgvInput), Object(Symfony\\Component\\Console\\Output\\ConsoleOutput))
#31 D:\\xampp\\htdocs\\desarrollos\\bapp_vuexi\\vendor\\laravel\\framework\\src\\Illuminate\\Console\\Application.php(93): Symfony\\Component\\Console\\Application->run(Object(Symfony\\Component\\Console\\Input\\ArgvInput), Object(Symfony\\Component\\Console\\Output\\ConsoleOutput))
#32 D:\\xampp\\htdocs\\desarrollos\\bapp_vuexi\\vendor\\laravel\\framework\\src\\Illuminate\\Foundation\\Console\\Kernel.php(131): Illuminate\\Console\\Application->run(Object(Symfony\\Component\\Console\\Input\\ArgvInput), Object(Symfony\\Component\\Console\\Output\\ConsoleOutput))
#33 D:\\xampp\\htdocs\\desarrollos\\bapp_vuexi\\artisan(37): Illuminate\\Foundation\\Console\\Kernel->handle(Object(Symfony\\Component\\Console\\Input\\ArgvInput), Object(Symfony\\Component\\Console\\Output\\ConsoleOutput))
#34 {main}
"} 
[2020-03-25 00:22:56] local.ERROR: include(D:\xampp\htdocs\desarrollos\bapp_vuexi\vendor\composer/../../app/Http/Controllers/AuthController.php): failed to open stream: No such file or directory {"exception":"[object] (ErrorException(code: 0): include(D:\\xampp\\htdocs\\desarrollos\\bapp_vuexi\\vendor\\composer/../../app/Http/Controllers/AuthController.php): failed to open stream: No such file or directory at D:\\xampp\\htdocs\\desarrollos\\bapp_vuexi\\vendor\\composer\\ClassLoader.php:444)
[stacktrace]
#0 D:\\xampp\\htdocs\\desarrollos\\bapp_vuexi\\vendor\\composer\\ClassLoader.php(444): Illuminate\\Foundation\\Bootstrap\\HandleExceptions->handleError(2, 'include(D:\\\\xamp...', 'D:\\\\xampp\\\\htdocs...', 444, Array)
#1 D:\\xampp\\htdocs\\desarrollos\\bapp_vuexi\\vendor\\composer\\ClassLoader.php(444): include()
#2 D:\\xampp\\htdocs\\desarrollos\\bapp_vuexi\\vendor\\composer\\ClassLoader.php(322): Composer\\Autoload\\includeFile('D:\\\\xampp\\\\htdocs...')
#3 [internal function]: Composer\\Autoload\\ClassLoader->loadClass('App\\\\Http\\\\Contro...')
#4 [internal function]: spl_autoload_call('App\\\\Http\\\\Contro...')
#5 D:\\xampp\\htdocs\\desarrollos\\bapp_vuexi\\vendor\\laravel\\framework\\src\\Illuminate\\Container\\Container.php(803): ReflectionClass->__construct('App\\\\Http\\\\Contro...')
#6 D:\\xampp\\htdocs\\desarrollos\\bapp_vuexi\\vendor\\laravel\\framework\\src\\Illuminate\\Container\\Container.php(681): Illuminate\\Container\\Container->build('App\\\\Http\\\\Contro...')
#7 D:\\xampp\\htdocs\\desarrollos\\bapp_vuexi\\vendor\\laravel\\framework\\src\\Illuminate\\Container\\Container.php(629): Illuminate\\Container\\Container->resolve('App\\\\Http\\\\Contro...', Array)
#8 D:\\xampp\\htdocs\\desarrollos\\bapp_vuexi\\vendor\\laravel\\framework\\src\\Illuminate\\Foundation\\Application.php(769): Illuminate\\Container\\Container->make('App\\\\Http\\\\Contro...', Array)
#9 D:\\xampp\\htdocs\\desarrollos\\bapp_vuexi\\vendor\\laravel\\framework\\src\\Illuminate\\Routing\\Route.php(233): Illuminate\\Foundation\\Application->make('App\\\\Http\\\\Contro...')
#10 D:\\xampp\\htdocs\\desarrollos\\bapp_vuexi\\vendor\\laravel\\framework\\src\\Illuminate\\Routing\\Route.php(833): Illuminate\\Routing\\Route->getController()
#11 D:\\xampp\\htdocs\\desarrollos\\bapp_vuexi\\vendor\\laravel\\framework\\src\\Illuminate\\Routing\\Route.php(794): Illuminate\\Routing\\Route->controllerMiddleware()
#12 D:\\xampp\\htdocs\\desarrollos\\bapp_vuexi\\vendor\\laravel\\framework\\src\\Illuminate\\Foundation\\Console\\RouteListCommand.php(173): Illuminate\\Routing\\Route->gatherMiddleware()
#13 D:\\xampp\\htdocs\\desarrollos\\bapp_vuexi\\vendor\\laravel\\framework\\src\\Illuminate\\Foundation\\Console\\RouteListCommand.php(117): Illuminate\\Foundation\\Console\\RouteListCommand->getMiddleware(Object(Illuminate\\Routing\\Route))
#14 D:\\xampp\\htdocs\\desarrollos\\bapp_vuexi\\vendor\\laravel\\framework\\src\\Illuminate\\Foundation\\Console\\RouteListCommand.php(89): Illuminate\\Foundation\\Console\\RouteListCommand->getRouteInformation(Object(Illuminate\\Routing\\Route))
#15 [internal function]: Illuminate\\Foundation\\Console\\RouteListCommand->Illuminate\\Foundation\\Console\\{closure}(Object(Illuminate\\Routing\\Route), 0)
#16 D:\\xampp\\htdocs\\desarrollos\\bapp_vuexi\\vendor\\laravel\\framework\\src\\Illuminate\\Support\\Collection.php(638): array_map(Object(Closure), Array, Array)
#17 D:\\xampp\\htdocs\\desarrollos\\bapp_vuexi\\vendor\\laravel\\framework\\src\\Illuminate\\Foundation\\Console\\RouteListCommand.php(90): Illuminate\\Support\\Collection->map(Object(Closure))
#18 D:\\xampp\\htdocs\\desarrollos\\bapp_vuexi\\vendor\\laravel\\framework\\src\\Illuminate\\Foundation\\Console\\RouteListCommand.php(74): Illuminate\\Foundation\\Console\\RouteListCommand->getRoutes()
#19 [internal function]: Illuminate\\Foundation\\Console\\RouteListCommand->handle()
#20 D:\\xampp\\htdocs\\desarrollos\\bapp_vuexi\\vendor\\laravel\\framework\\src\\Illuminate\\Container\\BoundMethod.php(32): call_user_func_array(Array, Array)
#21 D:\\xampp\\htdocs\\desarrollos\\bapp_vuexi\\vendor\\laravel\\framework\\src\\Illuminate\\Container\\Util.php(36): Illuminate\\Container\\BoundMethod::Illuminate\\Container\\{closure}()
#22 D:\\xampp\\htdocs\\desarrollos\\bapp_vuexi\\vendor\\laravel\\framework\\src\\Illuminate\\Container\\BoundMethod.php(90): Illuminate\\Container\\Util::unwrapIfClosure(Object(Closure))
#23 D:\\xampp\\htdocs\\desarrollos\\bapp_vuexi\\vendor\\laravel\\framework\\src\\Illuminate\\Container\\BoundMethod.php(34): Illuminate\\Container\\BoundMethod::callBoundMethod(Object(Illuminate\\Foundation\\Application), Array, Object(Closure))
#24 D:\\xampp\\htdocs\\desarrollos\\bapp_vuexi\\vendor\\laravel\\framework\\src\\Illuminate\\Container\\Container.php(590): Illuminate\\Container\\BoundMethod::call(Object(Illuminate\\Foundation\\Application), Array, Array, NULL)
#25 D:\\xampp\\htdocs\\desarrollos\\bapp_vuexi\\vendor\\laravel\\framework\\src\\Illuminate\\Console\\Command.php(202): Illuminate\\Container\\Container->call(Array)
#26 D:\\xampp\\htdocs\\desarrollos\\bapp_vuexi\\vendor\\symfony\\console\\Command\\Command.php(255): Illuminate\\Console\\Command->execute(Object(Symfony\\Component\\Console\\Input\\ArgvInput), Object(Illuminate\\Console\\OutputStyle))
#27 D:\\xampp\\htdocs\\desarrollos\\bapp_vuexi\\vendor\\laravel\\framework\\src\\Illuminate\\Console\\Command.php(189): Symfony\\Component\\Console\\Command\\Command->run(Object(Symfony\\Component\\Console\\Input\\ArgvInput), Object(Illuminate\\Console\\OutputStyle))
#28 D:\\xampp\\htdocs\\desarrollos\\bapp_vuexi\\vendor\\symfony\\console\\Application.php(1011): Illuminate\\Console\\Command->run(Object(Symfony\\Component\\Console\\Input\\ArgvInput), Object(Symfony\\Component\\Console\\Output\\ConsoleOutput))
#29 D:\\xampp\\htdocs\\desarrollos\\bapp_vuexi\\vendor\\symfony\\console\\Application.php(272): Symfony\\Component\\Console\\Application->doRunCommand(Object(Illuminate\\Foundation\\Console\\RouteListCommand), Object(Symfony\\Component\\Console\\Input\\ArgvInput), Object(Symfony\\Component\\Console\\Output\\ConsoleOutput))
#30 D:\\xampp\\htdocs\\desarrollos\\bapp_vuexi\\vendor\\symfony\\console\\Application.php(148): Symfony\\Component\\Console\\Application->doRun(Object(Symfony\\Component\\Console\\Input\\ArgvInput), Object(Symfony\\Component\\Console\\Output\\ConsoleOutput))
#31 D:\\xampp\\htdocs\\desarrollos\\bapp_vuexi\\vendor\\laravel\\framework\\src\\Illuminate\\Console\\Application.php(93): Symfony\\Component\\Console\\Application->run(Object(Symfony\\Component\\Console\\Input\\ArgvInput), Object(Symfony\\Component\\Console\\Output\\ConsoleOutput))
#32 D:\\xampp\\htdocs\\desarrollos\\bapp_vuexi\\vendor\\laravel\\framework\\src\\Illuminate\\Foundation\\Console\\Kernel.php(131): Illuminate\\Console\\Application->run(Object(Symfony\\Component\\Console\\Input\\ArgvInput), Object(Symfony\\Component\\Console\\Output\\ConsoleOutput))
#33 D:\\xampp\\htdocs\\desarrollos\\bapp_vuexi\\artisan(37): Illuminate\\Foundation\\Console\\Kernel->handle(Object(Symfony\\Component\\Console\\Input\\ArgvInput), Object(Symfony\\Component\\Console\\Output\\ConsoleOutput))
#34 {main}
"} 
[2020-03-25 00:23:38] local.ERROR: include(D:\xampp\htdocs\desarrollos\bapp_vuexi\vendor\composer/../../app/Http/Controllers/AuthController.php): failed to open stream: No such file or directory {"exception":"[object] (ErrorException(code: 0): include(D:\\xampp\\htdocs\\desarrollos\\bapp_vuexi\\vendor\\composer/../../app/Http/Controllers/AuthController.php): failed to open stream: No such file or directory at D:\\xampp\\htdocs\\desarrollos\\bapp_vuexi\\vendor\\composer\\ClassLoader.php:444)
[stacktrace]
#0 D:\\xampp\\htdocs\\desarrollos\\bapp_vuexi\\vendor\\composer\\ClassLoader.php(444): Illuminate\\Foundation\\Bootstrap\\HandleExceptions->handleError(2, 'include(D:\\\\xamp...', 'D:\\\\xampp\\\\htdocs...', 444, Array)
#1 D:\\xampp\\htdocs\\desarrollos\\bapp_vuexi\\vendor\\composer\\ClassLoader.php(444): include()
#2 D:\\xampp\\htdocs\\desarrollos\\bapp_vuexi\\vendor\\composer\\ClassLoader.php(322): Composer\\Autoload\\includeFile('D:\\\\xampp\\\\htdocs...')
#3 [internal function]: Composer\\Autoload\\ClassLoader->loadClass('App\\\\Http\\\\Contro...')
#4 [internal function]: spl_autoload_call('App\\\\Http\\\\Contro...')
#5 D:\\xampp\\htdocs\\desarrollos\\bapp_vuexi\\vendor\\laravel\\framework\\src\\Illuminate\\Container\\Container.php(803): ReflectionClass->__construct('App\\\\Http\\\\Contro...')
#6 D:\\xampp\\htdocs\\desarrollos\\bapp_vuexi\\vendor\\laravel\\framework\\src\\Illuminate\\Container\\Container.php(681): Illuminate\\Container\\Container->build('App\\\\Http\\\\Contro...')
#7 D:\\xampp\\htdocs\\desarrollos\\bapp_vuexi\\vendor\\laravel\\framework\\src\\Illuminate\\Container\\Container.php(629): Illuminate\\Container\\Container->resolve('App\\\\Http\\\\Contro...', Array)
#8 D:\\xampp\\htdocs\\desarrollos\\bapp_vuexi\\vendor\\laravel\\framework\\src\\Illuminate\\Foundation\\Application.php(769): Illuminate\\Container\\Container->make('App\\\\Http\\\\Contro...', Array)
#9 D:\\xampp\\htdocs\\desarrollos\\bapp_vuexi\\vendor\\laravel\\framework\\src\\Illuminate\\Routing\\Route.php(233): Illuminate\\Foundation\\Application->make('App\\\\Http\\\\Contro...')
#10 D:\\xampp\\htdocs\\desarrollos\\bapp_vuexi\\vendor\\laravel\\framework\\src\\Illuminate\\Routing\\Route.php(833): Illuminate\\Routing\\Route->getController()
#11 D:\\xampp\\htdocs\\desarrollos\\bapp_vuexi\\vendor\\laravel\\framework\\src\\Illuminate\\Routing\\Route.php(794): Illuminate\\Routing\\Route->controllerMiddleware()
#12 D:\\xampp\\htdocs\\desarrollos\\bapp_vuexi\\vendor\\laravel\\framework\\src\\Illuminate\\Foundation\\Console\\RouteListCommand.php(173): Illuminate\\Routing\\Route->gatherMiddleware()
#13 D:\\xampp\\htdocs\\desarrollos\\bapp_vuexi\\vendor\\laravel\\framework\\src\\Illuminate\\Foundation\\Console\\RouteListCommand.php(117): Illuminate\\Foundation\\Console\\RouteListCommand->getMiddleware(Object(Illuminate\\Routing\\Route))
#14 D:\\xampp\\htdocs\\desarrollos\\bapp_vuexi\\vendor\\laravel\\framework\\src\\Illuminate\\Foundation\\Console\\RouteListCommand.php(89): Illuminate\\Foundation\\Console\\RouteListCommand->getRouteInformation(Object(Illuminate\\Routing\\Route))
#15 [internal function]: Illuminate\\Foundation\\Console\\RouteListCommand->Illuminate\\Foundation\\Console\\{closure}(Object(Illuminate\\Routing\\Route), 0)
#16 D:\\xampp\\htdocs\\desarrollos\\bapp_vuexi\\vendor\\laravel\\framework\\src\\Illuminate\\Support\\Collection.php(638): array_map(Object(Closure), Array, Array)
#17 D:\\xampp\\htdocs\\desarrollos\\bapp_vuexi\\vendor\\laravel\\framework\\src\\Illuminate\\Foundation\\Console\\RouteListCommand.php(90): Illuminate\\Support\\Collection->map(Object(Closure))
#18 D:\\xampp\\htdocs\\desarrollos\\bapp_vuexi\\vendor\\laravel\\framework\\src\\Illuminate\\Foundation\\Console\\RouteListCommand.php(74): Illuminate\\Foundation\\Console\\RouteListCommand->getRoutes()
#19 [internal function]: Illuminate\\Foundation\\Console\\RouteListCommand->handle()
#20 D:\\xampp\\htdocs\\desarrollos\\bapp_vuexi\\vendor\\laravel\\framework\\src\\Illuminate\\Container\\BoundMethod.php(32): call_user_func_array(Array, Array)
#21 D:\\xampp\\htdocs\\desarrollos\\bapp_vuexi\\vendor\\laravel\\framework\\src\\Illuminate\\Container\\Util.php(36): Illuminate\\Container\\BoundMethod::Illuminate\\Container\\{closure}()
#22 D:\\xampp\\htdocs\\desarrollos\\bapp_vuexi\\vendor\\laravel\\framework\\src\\Illuminate\\Container\\BoundMethod.php(90): Illuminate\\Container\\Util::unwrapIfClosure(Object(Closure))
#23 D:\\xampp\\htdocs\\desarrollos\\bapp_vuexi\\vendor\\laravel\\framework\\src\\Illuminate\\Container\\BoundMethod.php(34): Illuminate\\Container\\BoundMethod::callBoundMethod(Object(Illuminate\\Foundation\\Application), Array, Object(Closure))
#24 D:\\xampp\\htdocs\\desarrollos\\bapp_vuexi\\vendor\\laravel\\framework\\src\\Illuminate\\Container\\Container.php(590): Illuminate\\Container\\BoundMethod::call(Object(Illuminate\\Foundation\\Application), Array, Array, NULL)
#25 D:\\xampp\\htdocs\\desarrollos\\bapp_vuexi\\vendor\\laravel\\framework\\src\\Illuminate\\Console\\Command.php(202): Illuminate\\Container\\Container->call(Array)
#26 D:\\xampp\\htdocs\\desarrollos\\bapp_vuexi\\vendor\\symfony\\console\\Command\\Command.php(255): Illuminate\\Console\\Command->execute(Object(Symfony\\Component\\Console\\Input\\ArgvInput), Object(Illuminate\\Console\\OutputStyle))
#27 D:\\xampp\\htdocs\\desarrollos\\bapp_vuexi\\vendor\\laravel\\framework\\src\\Illuminate\\Console\\Command.php(189): Symfony\\Component\\Console\\Command\\Command->run(Object(Symfony\\Component\\Console\\Input\\ArgvInput), Object(Illuminate\\Console\\OutputStyle))
#28 D:\\xampp\\htdocs\\desarrollos\\bapp_vuexi\\vendor\\symfony\\console\\Application.php(1011): Illuminate\\Console\\Command->run(Object(Symfony\\Component\\Console\\Input\\ArgvInput), Object(Symfony\\Component\\Console\\Output\\ConsoleOutput))
#29 D:\\xampp\\htdocs\\desarrollos\\bapp_vuexi\\vendor\\symfony\\console\\Application.php(272): Symfony\\Component\\Console\\Application->doRunCommand(Object(Illuminate\\Foundation\\Console\\RouteListCommand), Object(Symfony\\Component\\Console\\Input\\ArgvInput), Object(Symfony\\Component\\Console\\Output\\ConsoleOutput))
#30 D:\\xampp\\htdocs\\desarrollos\\bapp_vuexi\\vendor\\symfony\\console\\Application.php(148): Symfony\\Component\\Console\\Application->doRun(Object(Symfony\\Component\\Console\\Input\\ArgvInput), Object(Symfony\\Component\\Console\\Output\\ConsoleOutput))
#31 D:\\xampp\\htdocs\\desarrollos\\bapp_vuexi\\vendor\\laravel\\framework\\src\\Illuminate\\Console\\Application.php(93): Symfony\\Component\\Console\\Application->run(Object(Symfony\\Component\\Console\\Input\\ArgvInput), Object(Symfony\\Component\\Console\\Output\\ConsoleOutput))
#32 D:\\xampp\\htdocs\\desarrollos\\bapp_vuexi\\vendor\\laravel\\framework\\src\\Illuminate\\Foundation\\Console\\Kernel.php(131): Illuminate\\Console\\Application->run(Object(Symfony\\Component\\Console\\Input\\ArgvInput), Object(Symfony\\Component\\Console\\Output\\ConsoleOutput))
#33 D:\\xampp\\htdocs\\desarrollos\\bapp_vuexi\\artisan(37): Illuminate\\Foundation\\Console\\Kernel->handle(Object(Symfony\\Component\\Console\\Input\\ArgvInput), Object(Symfony\\Component\\Console\\Output\\ConsoleOutput))
#34 {main}
"} 
[2020-03-25 00:24:28] local.ERROR: include(D:\xampp\htdocs\desarrollos\bapp_vuexi\vendor\composer/../../app/Http/Controllers/AuthController.php): failed to open stream: No such file or directory {"exception":"[object] (ErrorException(code: 0): include(D:\\xampp\\htdocs\\desarrollos\\bapp_vuexi\\vendor\\composer/../../app/Http/Controllers/AuthController.php): failed to open stream: No such file or directory at D:\\xampp\\htdocs\\desarrollos\\bapp_vuexi\\vendor\\composer\\ClassLoader.php:444)
[stacktrace]
#0 D:\\xampp\\htdocs\\desarrollos\\bapp_vuexi\\vendor\\composer\\ClassLoader.php(444): Illuminate\\Foundation\\Bootstrap\\HandleExceptions->handleError(2, 'include(D:\\\\xamp...', 'D:\\\\xampp\\\\htdocs...', 444, Array)
#1 D:\\xampp\\htdocs\\desarrollos\\bapp_vuexi\\vendor\\composer\\ClassLoader.php(444): include()
#2 D:\\xampp\\htdocs\\desarrollos\\bapp_vuexi\\vendor\\composer\\ClassLoader.php(322): Composer\\Autoload\\includeFile('D:\\\\xampp\\\\htdocs...')
#3 [internal function]: Composer\\Autoload\\ClassLoader->loadClass('App\\\\Http\\\\Contro...')
#4 [internal function]: spl_autoload_call('App\\\\Http\\\\Contro...')
#5 D:\\xampp\\htdocs\\desarrollos\\bapp_vuexi\\vendor\\laravel\\framework\\src\\Illuminate\\Container\\Container.php(803): ReflectionClass->__construct('App\\\\Http\\\\Contro...')
#6 D:\\xampp\\htdocs\\desarrollos\\bapp_vuexi\\vendor\\laravel\\framework\\src\\Illuminate\\Container\\Container.php(681): Illuminate\\Container\\Container->build('App\\\\Http\\\\Contro...')
#7 D:\\xampp\\htdocs\\desarrollos\\bapp_vuexi\\vendor\\laravel\\framework\\src\\Illuminate\\Container\\Container.php(629): Illuminate\\Container\\Container->resolve('App\\\\Http\\\\Contro...', Array)
#8 D:\\xampp\\htdocs\\desarrollos\\bapp_vuexi\\vendor\\laravel\\framework\\src\\Illuminate\\Foundation\\Application.php(769): Illuminate\\Container\\Container->make('App\\\\Http\\\\Contro...', Array)
#9 D:\\xampp\\htdocs\\desarrollos\\bapp_vuexi\\vendor\\laravel\\framework\\src\\Illuminate\\Routing\\Route.php(233): Illuminate\\Foundation\\Application->make('App\\\\Http\\\\Contro...')
#10 D:\\xampp\\htdocs\\desarrollos\\bapp_vuexi\\vendor\\laravel\\framework\\src\\Illuminate\\Routing\\Route.php(833): Illuminate\\Routing\\Route->getController()
#11 D:\\xampp\\htdocs\\desarrollos\\bapp_vuexi\\vendor\\laravel\\framework\\src\\Illuminate\\Routing\\Route.php(794): Illuminate\\Routing\\Route->controllerMiddleware()
#12 D:\\xampp\\htdocs\\desarrollos\\bapp_vuexi\\vendor\\laravel\\framework\\src\\Illuminate\\Foundation\\Console\\RouteListCommand.php(173): Illuminate\\Routing\\Route->gatherMiddleware()
#13 D:\\xampp\\htdocs\\desarrollos\\bapp_vuexi\\vendor\\laravel\\framework\\src\\Illuminate\\Foundation\\Console\\RouteListCommand.php(117): Illuminate\\Foundation\\Console\\RouteListCommand->getMiddleware(Object(Illuminate\\Routing\\Route))
#14 D:\\xampp\\htdocs\\desarrollos\\bapp_vuexi\\vendor\\laravel\\framework\\src\\Illuminate\\Foundation\\Console\\RouteListCommand.php(89): Illuminate\\Foundation\\Console\\RouteListCommand->getRouteInformation(Object(Illuminate\\Routing\\Route))
#15 [internal function]: Illuminate\\Foundation\\Console\\RouteListCommand->Illuminate\\Foundation\\Console\\{closure}(Object(Illuminate\\Routing\\Route), 0)
#16 D:\\xampp\\htdocs\\desarrollos\\bapp_vuexi\\vendor\\laravel\\framework\\src\\Illuminate\\Support\\Collection.php(638): array_map(Object(Closure), Array, Array)
#17 D:\\xampp\\htdocs\\desarrollos\\bapp_vuexi\\vendor\\laravel\\framework\\src\\Illuminate\\Foundation\\Console\\RouteListCommand.php(90): Illuminate\\Support\\Collection->map(Object(Closure))
#18 D:\\xampp\\htdocs\\desarrollos\\bapp_vuexi\\vendor\\laravel\\framework\\src\\Illuminate\\Foundation\\Console\\RouteListCommand.php(74): Illuminate\\Foundation\\Console\\RouteListCommand->getRoutes()
#19 [internal function]: Illuminate\\Foundation\\Console\\RouteListCommand->handle()
#20 D:\\xampp\\htdocs\\desarrollos\\bapp_vuexi\\vendor\\laravel\\framework\\src\\Illuminate\\Container\\BoundMethod.php(32): call_user_func_array(Array, Array)
#21 D:\\xampp\\htdocs\\desarrollos\\bapp_vuexi\\vendor\\laravel\\framework\\src\\Illuminate\\Container\\Util.php(36): Illuminate\\Container\\BoundMethod::Illuminate\\Container\\{closure}()
#22 D:\\xampp\\htdocs\\desarrollos\\bapp_vuexi\\vendor\\laravel\\framework\\src\\Illuminate\\Container\\BoundMethod.php(90): Illuminate\\Container\\Util::unwrapIfClosure(Object(Closure))
#23 D:\\xampp\\htdocs\\desarrollos\\bapp_vuexi\\vendor\\laravel\\framework\\src\\Illuminate\\Container\\BoundMethod.php(34): Illuminate\\Container\\BoundMethod::callBoundMethod(Object(Illuminate\\Foundation\\Application), Array, Object(Closure))
#24 D:\\xampp\\htdocs\\desarrollos\\bapp_vuexi\\vendor\\laravel\\framework\\src\\Illuminate\\Container\\Container.php(590): Illuminate\\Container\\BoundMethod::call(Object(Illuminate\\Foundation\\Application), Array, Array, NULL)
#25 D:\\xampp\\htdocs\\desarrollos\\bapp_vuexi\\vendor\\laravel\\framework\\src\\Illuminate\\Console\\Command.php(202): Illuminate\\Container\\Container->call(Array)
#26 D:\\xampp\\htdocs\\desarrollos\\bapp_vuexi\\vendor\\symfony\\console\\Command\\Command.php(255): Illuminate\\Console\\Command->execute(Object(Symfony\\Component\\Console\\Input\\ArgvInput), Object(Illuminate\\Console\\OutputStyle))
#27 D:\\xampp\\htdocs\\desarrollos\\bapp_vuexi\\vendor\\laravel\\framework\\src\\Illuminate\\Console\\Command.php(189): Symfony\\Component\\Console\\Command\\Command->run(Object(Symfony\\Component\\Console\\Input\\ArgvInput), Object(Illuminate\\Console\\OutputStyle))
#28 D:\\xampp\\htdocs\\desarrollos\\bapp_vuexi\\vendor\\symfony\\console\\Application.php(1011): Illuminate\\Console\\Command->run(Object(Symfony\\Component\\Console\\Input\\ArgvInput), Object(Symfony\\Component\\Console\\Output\\ConsoleOutput))
#29 D:\\xampp\\htdocs\\desarrollos\\bapp_vuexi\\vendor\\symfony\\console\\Application.php(272): Symfony\\Component\\Console\\Application->doRunCommand(Object(Illuminate\\Foundation\\Console\\RouteListCommand), Object(Symfony\\Component\\Console\\Input\\ArgvInput), Object(Symfony\\Component\\Console\\Output\\ConsoleOutput))
#30 D:\\xampp\\htdocs\\desarrollos\\bapp_vuexi\\vendor\\symfony\\console\\Application.php(148): Symfony\\Component\\Console\\Application->doRun(Object(Symfony\\Component\\Console\\Input\\ArgvInput), Object(Symfony\\Component\\Console\\Output\\ConsoleOutput))
#31 D:\\xampp\\htdocs\\desarrollos\\bapp_vuexi\\vendor\\laravel\\framework\\src\\Illuminate\\Console\\Application.php(93): Symfony\\Component\\Console\\Application->run(Object(Symfony\\Component\\Console\\Input\\ArgvInput), Object(Symfony\\Component\\Console\\Output\\ConsoleOutput))
#32 D:\\xampp\\htdocs\\desarrollos\\bapp_vuexi\\vendor\\laravel\\framework\\src\\Illuminate\\Foundation\\Console\\Kernel.php(131): Illuminate\\Console\\Application->run(Object(Symfony\\Component\\Console\\Input\\ArgvInput), Object(Symfony\\Component\\Console\\Output\\ConsoleOutput))
#33 D:\\xampp\\htdocs\\desarrollos\\bapp_vuexi\\artisan(37): Illuminate\\Foundation\\Console\\Kernel->handle(Object(Symfony\\Component\\Console\\Input\\ArgvInput), Object(Symfony\\Component\\Console\\Output\\ConsoleOutput))
#34 {main}
"} 
[2020-03-25 00:24:46] local.ERROR: include(D:\xampp\htdocs\desarrollos\bapp_vuexi\vendor\composer/../../app/Http/Controllers/AuthController.php): failed to open stream: No such file or directory {"exception":"[object] (ErrorException(code: 0): include(D:\\xampp\\htdocs\\desarrollos\\bapp_vuexi\\vendor\\composer/../../app/Http/Controllers/AuthController.php): failed to open stream: No such file or directory at D:\\xampp\\htdocs\\desarrollos\\bapp_vuexi\\vendor\\composer\\ClassLoader.php:444)
[stacktrace]
#0 D:\\xampp\\htdocs\\desarrollos\\bapp_vuexi\\vendor\\composer\\ClassLoader.php(444): Illuminate\\Foundation\\Bootstrap\\HandleExceptions->handleError(2, 'include(D:\\\\xamp...', 'D:\\\\xampp\\\\htdocs...', 444, Array)
#1 D:\\xampp\\htdocs\\desarrollos\\bapp_vuexi\\vendor\\composer\\ClassLoader.php(444): include()
#2 D:\\xampp\\htdocs\\desarrollos\\bapp_vuexi\\vendor\\composer\\ClassLoader.php(322): Composer\\Autoload\\includeFile('D:\\\\xampp\\\\htdocs...')
#3 [internal function]: Composer\\Autoload\\ClassLoader->loadClass('App\\\\Http\\\\Contro...')
#4 [internal function]: spl_autoload_call('App\\\\Http\\\\Contro...')
#5 D:\\xampp\\htdocs\\desarrollos\\bapp_vuexi\\vendor\\laravel\\framework\\src\\Illuminate\\Container\\Container.php(803): ReflectionClass->__construct('App\\\\Http\\\\Contro...')
#6 D:\\xampp\\htdocs\\desarrollos\\bapp_vuexi\\vendor\\laravel\\framework\\src\\Illuminate\\Container\\Container.php(681): Illuminate\\Container\\Container->build('App\\\\Http\\\\Contro...')
#7 D:\\xampp\\htdocs\\desarrollos\\bapp_vuexi\\vendor\\laravel\\framework\\src\\Illuminate\\Container\\Container.php(629): Illuminate\\Container\\Container->resolve('App\\\\Http\\\\Contro...', Array)
#8 D:\\xampp\\htdocs\\desarrollos\\bapp_vuexi\\vendor\\laravel\\framework\\src\\Illuminate\\Foundation\\Application.php(769): Illuminate\\Container\\Container->make('App\\\\Http\\\\Contro...', Array)
#9 D:\\xampp\\htdocs\\desarrollos\\bapp_vuexi\\vendor\\laravel\\framework\\src\\Illuminate\\Routing\\Route.php(233): Illuminate\\Foundation\\Application->make('App\\\\Http\\\\Contro...')
#10 D:\\xampp\\htdocs\\desarrollos\\bapp_vuexi\\vendor\\laravel\\framework\\src\\Illuminate\\Routing\\Route.php(833): Illuminate\\Routing\\Route->getController()
#11 D:\\xampp\\htdocs\\desarrollos\\bapp_vuexi\\vendor\\laravel\\framework\\src\\Illuminate\\Routing\\Route.php(794): Illuminate\\Routing\\Route->controllerMiddleware()
#12 D:\\xampp\\htdocs\\desarrollos\\bapp_vuexi\\vendor\\laravel\\framework\\src\\Illuminate\\Foundation\\Console\\RouteListCommand.php(173): Illuminate\\Routing\\Route->gatherMiddleware()
#13 D:\\xampp\\htdocs\\desarrollos\\bapp_vuexi\\vendor\\laravel\\framework\\src\\Illuminate\\Foundation\\Console\\RouteListCommand.php(117): Illuminate\\Foundation\\Console\\RouteListCommand->getMiddleware(Object(Illuminate\\Routing\\Route))
#14 D:\\xampp\\htdocs\\desarrollos\\bapp_vuexi\\vendor\\laravel\\framework\\src\\Illuminate\\Foundation\\Console\\RouteListCommand.php(89): Illuminate\\Foundation\\Console\\RouteListCommand->getRouteInformation(Object(Illuminate\\Routing\\Route))
#15 [internal function]: Illuminate\\Foundation\\Console\\RouteListCommand->Illuminate\\Foundation\\Console\\{closure}(Object(Illuminate\\Routing\\Route), 0)
#16 D:\\xampp\\htdocs\\desarrollos\\bapp_vuexi\\vendor\\laravel\\framework\\src\\Illuminate\\Support\\Collection.php(638): array_map(Object(Closure), Array, Array)
#17 D:\\xampp\\htdocs\\desarrollos\\bapp_vuexi\\vendor\\laravel\\framework\\src\\Illuminate\\Foundation\\Console\\RouteListCommand.php(90): Illuminate\\Support\\Collection->map(Object(Closure))
#18 D:\\xampp\\htdocs\\desarrollos\\bapp_vuexi\\vendor\\laravel\\framework\\src\\Illuminate\\Foundation\\Console\\RouteListCommand.php(74): Illuminate\\Foundation\\Console\\RouteListCommand->getRoutes()
#19 [internal function]: Illuminate\\Foundation\\Console\\RouteListCommand->handle()
#20 D:\\xampp\\htdocs\\desarrollos\\bapp_vuexi\\vendor\\laravel\\framework\\src\\Illuminate\\Container\\BoundMethod.php(32): call_user_func_array(Array, Array)
#21 D:\\xampp\\htdocs\\desarrollos\\bapp_vuexi\\vendor\\laravel\\framework\\src\\Illuminate\\Container\\Util.php(36): Illuminate\\Container\\BoundMethod::Illuminate\\Container\\{closure}()
#22 D:\\xampp\\htdocs\\desarrollos\\bapp_vuexi\\vendor\\laravel\\framework\\src\\Illuminate\\Container\\BoundMethod.php(90): Illuminate\\Container\\Util::unwrapIfClosure(Object(Closure))
#23 D:\\xampp\\htdocs\\desarrollos\\bapp_vuexi\\vendor\\laravel\\framework\\src\\Illuminate\\Container\\BoundMethod.php(34): Illuminate\\Container\\BoundMethod::callBoundMethod(Object(Illuminate\\Foundation\\Application), Array, Object(Closure))
#24 D:\\xampp\\htdocs\\desarrollos\\bapp_vuexi\\vendor\\laravel\\framework\\src\\Illuminate\\Container\\Container.php(590): Illuminate\\Container\\BoundMethod::call(Object(Illuminate\\Foundation\\Application), Array, Array, NULL)
#25 D:\\xampp\\htdocs\\desarrollos\\bapp_vuexi\\vendor\\laravel\\framework\\src\\Illuminate\\Console\\Command.php(202): Illuminate\\Container\\Container->call(Array)
#26 D:\\xampp\\htdocs\\desarrollos\\bapp_vuexi\\vendor\\symfony\\console\\Command\\Command.php(255): Illuminate\\Console\\Command->execute(Object(Symfony\\Component\\Console\\Input\\ArgvInput), Object(Illuminate\\Console\\OutputStyle))
#27 D:\\xampp\\htdocs\\desarrollos\\bapp_vuexi\\vendor\\laravel\\framework\\src\\Illuminate\\Console\\Command.php(189): Symfony\\Component\\Console\\Command\\Command->run(Object(Symfony\\Component\\Console\\Input\\ArgvInput), Object(Illuminate\\Console\\OutputStyle))
#28 D:\\xampp\\htdocs\\desarrollos\\bapp_vuexi\\vendor\\symfony\\console\\Application.php(1011): Illuminate\\Console\\Command->run(Object(Symfony\\Component\\Console\\Input\\ArgvInput), Object(Symfony\\Component\\Console\\Output\\ConsoleOutput))
#29 D:\\xampp\\htdocs\\desarrollos\\bapp_vuexi\\vendor\\symfony\\console\\Application.php(272): Symfony\\Component\\Console\\Application->doRunCommand(Object(Illuminate\\Foundation\\Console\\RouteListCommand), Object(Symfony\\Component\\Console\\Input\\ArgvInput), Object(Symfony\\Component\\Console\\Output\\ConsoleOutput))
#30 D:\\xampp\\htdocs\\desarrollos\\bapp_vuexi\\vendor\\symfony\\console\\Application.php(148): Symfony\\Component\\Console\\Application->doRun(Object(Symfony\\Component\\Console\\Input\\ArgvInput), Object(Symfony\\Component\\Console\\Output\\ConsoleOutput))
#31 D:\\xampp\\htdocs\\desarrollos\\bapp_vuexi\\vendor\\laravel\\framework\\src\\Illuminate\\Console\\Application.php(93): Symfony\\Component\\Console\\Application->run(Object(Symfony\\Component\\Console\\Input\\ArgvInput), Object(Symfony\\Component\\Console\\Output\\ConsoleOutput))
#32 D:\\xampp\\htdocs\\desarrollos\\bapp_vuexi\\vendor\\laravel\\framework\\src\\Illuminate\\Foundation\\Console\\Kernel.php(131): Illuminate\\Console\\Application->run(Object(Symfony\\Component\\Console\\Input\\ArgvInput), Object(Symfony\\Component\\Console\\Output\\ConsoleOutput))
#33 D:\\xampp\\htdocs\\desarrollos\\bapp_vuexi\\artisan(37): Illuminate\\Foundation\\Console\\Kernel->handle(Object(Symfony\\Component\\Console\\Input\\ArgvInput), Object(Symfony\\Component\\Console\\Output\\ConsoleOutput))
#34 {main}
"} 
[2020-03-25 00:25:11] local.ERROR: include(D:\xampp\htdocs\desarrollos\bapp_vuexi\vendor\composer/../../app/Http/Controllers/AuthController.php): failed to open stream: No such file or directory {"exception":"[object] (ErrorException(code: 0): include(D:\\xampp\\htdocs\\desarrollos\\bapp_vuexi\\vendor\\composer/../../app/Http/Controllers/AuthController.php): failed to open stream: No such file or directory at D:\\xampp\\htdocs\\desarrollos\\bapp_vuexi\\vendor\\composer\\ClassLoader.php:444)
[stacktrace]
#0 D:\\xampp\\htdocs\\desarrollos\\bapp_vuexi\\vendor\\composer\\ClassLoader.php(444): Illuminate\\Foundation\\Bootstrap\\HandleExceptions->handleError(2, 'include(D:\\\\xamp...', 'D:\\\\xampp\\\\htdocs...', 444, Array)
#1 D:\\xampp\\htdocs\\desarrollos\\bapp_vuexi\\vendor\\composer\\ClassLoader.php(444): include()
#2 D:\\xampp\\htdocs\\desarrollos\\bapp_vuexi\\vendor\\composer\\ClassLoader.php(322): Composer\\Autoload\\includeFile('D:\\\\xampp\\\\htdocs...')
#3 [internal function]: Composer\\Autoload\\ClassLoader->loadClass('App\\\\Http\\\\Contro...')
#4 [internal function]: spl_autoload_call('App\\\\Http\\\\Contro...')
#5 D:\\xampp\\htdocs\\desarrollos\\bapp_vuexi\\vendor\\laravel\\framework\\src\\Illuminate\\Container\\Container.php(803): ReflectionClass->__construct('App\\\\Http\\\\Contro...')
#6 D:\\xampp\\htdocs\\desarrollos\\bapp_vuexi\\vendor\\laravel\\framework\\src\\Illuminate\\Container\\Container.php(681): Illuminate\\Container\\Container->build('App\\\\Http\\\\Contro...')
#7 D:\\xampp\\htdocs\\desarrollos\\bapp_vuexi\\vendor\\laravel\\framework\\src\\Illuminate\\Container\\Container.php(629): Illuminate\\Container\\Container->resolve('App\\\\Http\\\\Contro...', Array)
#8 D:\\xampp\\htdocs\\desarrollos\\bapp_vuexi\\vendor\\laravel\\framework\\src\\Illuminate\\Foundation\\Application.php(769): Illuminate\\Container\\Container->make('App\\\\Http\\\\Contro...', Array)
#9 D:\\xampp\\htdocs\\desarrollos\\bapp_vuexi\\vendor\\laravel\\framework\\src\\Illuminate\\Routing\\Route.php(233): Illuminate\\Foundation\\Application->make('App\\\\Http\\\\Contro...')
#10 D:\\xampp\\htdocs\\desarrollos\\bapp_vuexi\\vendor\\laravel\\framework\\src\\Illuminate\\Routing\\Route.php(833): Illuminate\\Routing\\Route->getController()
#11 D:\\xampp\\htdocs\\desarrollos\\bapp_vuexi\\vendor\\laravel\\framework\\src\\Illuminate\\Routing\\Route.php(794): Illuminate\\Routing\\Route->controllerMiddleware()
#12 D:\\xampp\\htdocs\\desarrollos\\bapp_vuexi\\vendor\\laravel\\framework\\src\\Illuminate\\Foundation\\Console\\RouteListCommand.php(173): Illuminate\\Routing\\Route->gatherMiddleware()
#13 D:\\xampp\\htdocs\\desarrollos\\bapp_vuexi\\vendor\\laravel\\framework\\src\\Illuminate\\Foundation\\Console\\RouteListCommand.php(117): Illuminate\\Foundation\\Console\\RouteListCommand->getMiddleware(Object(Illuminate\\Routing\\Route))
#14 D:\\xampp\\htdocs\\desarrollos\\bapp_vuexi\\vendor\\laravel\\framework\\src\\Illuminate\\Foundation\\Console\\RouteListCommand.php(89): Illuminate\\Foundation\\Console\\RouteListCommand->getRouteInformation(Object(Illuminate\\Routing\\Route))
#15 [internal function]: Illuminate\\Foundation\\Console\\RouteListCommand->Illuminate\\Foundation\\Console\\{closure}(Object(Illuminate\\Routing\\Route), 0)
#16 D:\\xampp\\htdocs\\desarrollos\\bapp_vuexi\\vendor\\laravel\\framework\\src\\Illuminate\\Support\\Collection.php(638): array_map(Object(Closure), Array, Array)
#17 D:\\xampp\\htdocs\\desarrollos\\bapp_vuexi\\vendor\\laravel\\framework\\src\\Illuminate\\Foundation\\Console\\RouteListCommand.php(90): Illuminate\\Support\\Collection->map(Object(Closure))
#18 D:\\xampp\\htdocs\\desarrollos\\bapp_vuexi\\vendor\\laravel\\framework\\src\\Illuminate\\Foundation\\Console\\RouteListCommand.php(74): Illuminate\\Foundation\\Console\\RouteListCommand->getRoutes()
#19 [internal function]: Illuminate\\Foundation\\Console\\RouteListCommand->handle()
#20 D:\\xampp\\htdocs\\desarrollos\\bapp_vuexi\\vendor\\laravel\\framework\\src\\Illuminate\\Container\\BoundMethod.php(32): call_user_func_array(Array, Array)
#21 D:\\xampp\\htdocs\\desarrollos\\bapp_vuexi\\vendor\\laravel\\framework\\src\\Illuminate\\Container\\Util.php(36): Illuminate\\Container\\BoundMethod::Illuminate\\Container\\{closure}()
#22 D:\\xampp\\htdocs\\desarrollos\\bapp_vuexi\\vendor\\laravel\\framework\\src\\Illuminate\\Container\\BoundMethod.php(90): Illuminate\\Container\\Util::unwrapIfClosure(Object(Closure))
#23 D:\\xampp\\htdocs\\desarrollos\\bapp_vuexi\\vendor\\laravel\\framework\\src\\Illuminate\\Container\\BoundMethod.php(34): Illuminate\\Container\\BoundMethod::callBoundMethod(Object(Illuminate\\Foundation\\Application), Array, Object(Closure))
#24 D:\\xampp\\htdocs\\desarrollos\\bapp_vuexi\\vendor\\laravel\\framework\\src\\Illuminate\\Container\\Container.php(590): Illuminate\\Container\\BoundMethod::call(Object(Illuminate\\Foundation\\Application), Array, Array, NULL)
#25 D:\\xampp\\htdocs\\desarrollos\\bapp_vuexi\\vendor\\laravel\\framework\\src\\Illuminate\\Console\\Command.php(202): Illuminate\\Container\\Container->call(Array)
#26 D:\\xampp\\htdocs\\desarrollos\\bapp_vuexi\\vendor\\symfony\\console\\Command\\Command.php(255): Illuminate\\Console\\Command->execute(Object(Symfony\\Component\\Console\\Input\\ArgvInput), Object(Illuminate\\Console\\OutputStyle))
#27 D:\\xampp\\htdocs\\desarrollos\\bapp_vuexi\\vendor\\laravel\\framework\\src\\Illuminate\\Console\\Command.php(189): Symfony\\Component\\Console\\Command\\Command->run(Object(Symfony\\Component\\Console\\Input\\ArgvInput), Object(Illuminate\\Console\\OutputStyle))
#28 D:\\xampp\\htdocs\\desarrollos\\bapp_vuexi\\vendor\\symfony\\console\\Application.php(1011): Illuminate\\Console\\Command->run(Object(Symfony\\Component\\Console\\Input\\ArgvInput), Object(Symfony\\Component\\Console\\Output\\ConsoleOutput))
#29 D:\\xampp\\htdocs\\desarrollos\\bapp_vuexi\\vendor\\symfony\\console\\Application.php(272): Symfony\\Component\\Console\\Application->doRunCommand(Object(Illuminate\\Foundation\\Console\\RouteListCommand), Object(Symfony\\Component\\Console\\Input\\ArgvInput), Object(Symfony\\Component\\Console\\Output\\ConsoleOutput))
#30 D:\\xampp\\htdocs\\desarrollos\\bapp_vuexi\\vendor\\symfony\\console\\Application.php(148): Symfony\\Component\\Console\\Application->doRun(Object(Symfony\\Component\\Console\\Input\\ArgvInput), Object(Symfony\\Component\\Console\\Output\\ConsoleOutput))
#31 D:\\xampp\\htdocs\\desarrollos\\bapp_vuexi\\vendor\\laravel\\framework\\src\\Illuminate\\Console\\Application.php(93): Symfony\\Component\\Console\\Application->run(Object(Symfony\\Component\\Console\\Input\\ArgvInput), Object(Symfony\\Component\\Console\\Output\\ConsoleOutput))
#32 D:\\xampp\\htdocs\\desarrollos\\bapp_vuexi\\vendor\\laravel\\framework\\src\\Illuminate\\Foundation\\Console\\Kernel.php(131): Illuminate\\Console\\Application->run(Object(Symfony\\Component\\Console\\Input\\ArgvInput), Object(Symfony\\Component\\Console\\Output\\ConsoleOutput))
#33 D:\\xampp\\htdocs\\desarrollos\\bapp_vuexi\\artisan(37): Illuminate\\Foundation\\Console\\Kernel->handle(Object(Symfony\\Component\\Console\\Input\\ArgvInput), Object(Symfony\\Component\\Console\\Output\\ConsoleOutput))
#34 {main}
"} 
[2020-03-25 00:29:03] local.ERROR: Auth guard [auth] is not defined. {"exception":"[object] (InvalidArgumentException(code: 0): Auth guard [auth] is not defined. at D:\\xampp\\htdocs\\desarrollos\\bapp_vuexi\\vendor\\laravel\\framework\\src\\Illuminate\\Auth\\AuthManager.php:84)
[stacktrace]
#0 D:\\xampp\\htdocs\\desarrollos\\bapp_vuexi\\vendor\\laravel\\framework\\src\\Illuminate\\Auth\\AuthManager.php(68): Illuminate\\Auth\\AuthManager->resolve('auth')
#1 D:\\xampp\\htdocs\\desarrollos\\bapp_vuexi\\vendor\\laravel\\framework\\src\\Illuminate\\Auth\\AuthManager.php(54): Illuminate\\Auth\\AuthManager->guard('auth')
#2 [internal function]: Illuminate\\Auth\\AuthManager->Illuminate\\Auth\\{closure}(NULL)
#3 D:\\xampp\\htdocs\\desarrollos\\bapp_vuexi\\vendor\\laravel\\framework\\src\\Illuminate\\Auth\\AuthServiceProvider.php(84): call_user_func(Object(Closure), NULL)
#4 [internal function]: Illuminate\\Auth\\AuthServiceProvider->Illuminate\\Auth\\{closure}(NULL)
#5 D:\\xampp\\htdocs\\desarrollos\\bapp_vuexi\\vendor\\laravel\\framework\\src\\Illuminate\\Http\\Request.php(517): call_user_func(Object(Closure), NULL)
#6 D:\\xampp\\htdocs\\desarrollos\\bapp_vuexi\\vendor\\laravel\\framework\\src\\Illuminate\\Routing\\Middleware\\ThrottleRequests.php(97): Illuminate\\Http\\Request->user()
#7 D:\\xampp\\htdocs\\desarrollos\\bapp_vuexi\\vendor\\laravel\\framework\\src\\Illuminate\\Routing\\Middleware\\ThrottleRequests.php(49): Illuminate\\Routing\\Middleware\\ThrottleRequests->resolveRequestSignature(Object(Illuminate\\Http\\Request))
#8 D:\\xampp\\htdocs\\desarrollos\\bapp_vuexi\\vendor\\laravel\\framework\\src\\Illuminate\\Pipeline\\Pipeline.php(171): Illuminate\\Routing\\Middleware\\ThrottleRequests->handle(Object(Illuminate\\Http\\Request), Object(Closure), '60', '1')
#9 D:\\xampp\\htdocs\\desarrollos\\bapp_vuexi\\vendor\\laravel\\framework\\src\\Illuminate\\Pipeline\\Pipeline.php(105): Illuminate\\Pipeline\\Pipeline->Illuminate\\Pipeline\\{closure}(Object(Illuminate\\Http\\Request))
#10 D:\\xampp\\htdocs\\desarrollos\\bapp_vuexi\\vendor\\laravel\\framework\\src\\Illuminate\\Routing\\Router.php(683): Illuminate\\Pipeline\\Pipeline->then(Object(Closure))
#11 D:\\xampp\\htdocs\\desarrollos\\bapp_vuexi\\vendor\\laravel\\framework\\src\\Illuminate\\Routing\\Router.php(658): Illuminate\\Routing\\Router->runRouteWithinStack(Object(Illuminate\\Routing\\Route), Object(Illuminate\\Http\\Request))
#12 D:\\xampp\\htdocs\\desarrollos\\bapp_vuexi\\vendor\\laravel\\framework\\src\\Illuminate\\Routing\\Router.php(624): Illuminate\\Routing\\Router->runRoute(Object(Illuminate\\Http\\Request), Object(Illuminate\\Routing\\Route))
#13 D:\\xampp\\htdocs\\desarrollos\\bapp_vuexi\\vendor\\laravel\\framework\\src\\Illuminate\\Routing\\Router.php(613): Illuminate\\Routing\\Router->dispatchToRoute(Object(Illuminate\\Http\\Request))
#14 D:\\xampp\\htdocs\\desarrollos\\bapp_vuexi\\vendor\\laravel\\framework\\src\\Illuminate\\Foundation\\Http\\Kernel.php(170): Illuminate\\Routing\\Router->dispatch(Object(Illuminate\\Http\\Request))
#15 D:\\xampp\\htdocs\\desarrollos\\bapp_vuexi\\vendor\\laravel\\framework\\src\\Illuminate\\Pipeline\\Pipeline.php(130): Illuminate\\Foundation\\Http\\Kernel->Illuminate\\Foundation\\Http\\{closure}(Object(Illuminate\\Http\\Request))
#16 D:\\xampp\\htdocs\\desarrollos\\bapp_vuexi\\vendor\\laravel\\framework\\src\\Illuminate\\Foundation\\Http\\Middleware\\TransformsRequest.php(21): Illuminate\\Pipeline\\Pipeline->Illuminate\\Pipeline\\{closure}(Object(Illuminate\\Http\\Request))
#17 D:\\xampp\\htdocs\\desarrollos\\bapp_vuexi\\vendor\\laravel\\framework\\src\\Illuminate\\Pipeline\\Pipeline.php(171): Illuminate\\Foundation\\Http\\Middleware\\TransformsRequest->handle(Object(Illuminate\\Http\\Request), Object(Closure))
#18 D:\\xampp\\htdocs\\desarrollos\\bapp_vuexi\\vendor\\laravel\\framework\\src\\Illuminate\\Foundation\\Http\\Middleware\\TransformsRequest.php(21): Illuminate\\Pipeline\\Pipeline->Illuminate\\Pipeline\\{closure}(Object(Illuminate\\Http\\Request))
#19 D:\\xampp\\htdocs\\desarrollos\\bapp_vuexi\\vendor\\laravel\\framework\\src\\Illuminate\\Pipeline\\Pipeline.php(171): Illuminate\\Foundation\\Http\\Middleware\\TransformsRequest->handle(Object(Illuminate\\Http\\Request), Object(Closure))
#20 D:\\xampp\\htdocs\\desarrollos\\bapp_vuexi\\vendor\\laravel\\framework\\src\\Illuminate\\Foundation\\Http\\Middleware\\ValidatePostSize.php(27): Illuminate\\Pipeline\\Pipeline->Illuminate\\Pipeline\\{closure}(Object(Illuminate\\Http\\Request))
#21 D:\\xampp\\htdocs\\desarrollos\\bapp_vuexi\\vendor\\laravel\\framework\\src\\Illuminate\\Pipeline\\Pipeline.php(171): Illuminate\\Foundation\\Http\\Middleware\\ValidatePostSize->handle(Object(Illuminate\\Http\\Request), Object(Closure))
#22 D:\\xampp\\htdocs\\desarrollos\\bapp_vuexi\\vendor\\laravel\\framework\\src\\Illuminate\\Foundation\\Http\\Middleware\\CheckForMaintenanceMode.php(62): Illuminate\\Pipeline\\Pipeline->Illuminate\\Pipeline\\{closure}(Object(Illuminate\\Http\\Request))
#23 D:\\xampp\\htdocs\\desarrollos\\bapp_vuexi\\vendor\\laravel\\framework\\src\\Illuminate\\Pipeline\\Pipeline.php(171): Illuminate\\Foundation\\Http\\Middleware\\CheckForMaintenanceMode->handle(Object(Illuminate\\Http\\Request), Object(Closure))
#24 D:\\xampp\\htdocs\\desarrollos\\bapp_vuexi\\vendor\\fideloper\\proxy\\src\\TrustProxies.php(57): Illuminate\\Pipeline\\Pipeline->Illuminate\\Pipeline\\{closure}(Object(Illuminate\\Http\\Request))
#25 D:\\xampp\\htdocs\\desarrollos\\bapp_vuexi\\vendor\\laravel\\framework\\src\\Illuminate\\Pipeline\\Pipeline.php(171): Fideloper\\Proxy\\TrustProxies->handle(Object(Illuminate\\Http\\Request), Object(Closure))
#26 D:\\xampp\\htdocs\\desarrollos\\bapp_vuexi\\vendor\\laravel\\framework\\src\\Illuminate\\Pipeline\\Pipeline.php(105): Illuminate\\Pipeline\\Pipeline->Illuminate\\Pipeline\\{closure}(Object(Illuminate\\Http\\Request))
#27 D:\\xampp\\htdocs\\desarrollos\\bapp_vuexi\\vendor\\laravel\\framework\\src\\Illuminate\\Foundation\\Http\\Kernel.php(145): Illuminate\\Pipeline\\Pipeline->then(Object(Closure))
#28 D:\\xampp\\htdocs\\desarrollos\\bapp_vuexi\\vendor\\laravel\\framework\\src\\Illuminate\\Foundation\\Http\\Kernel.php(110): Illuminate\\Foundation\\Http\\Kernel->sendRequestThroughRouter(Object(Illuminate\\Http\\Request))
#29 D:\\xampp\\htdocs\\desarrollos\\bapp_vuexi\\public\\index.php(55): Illuminate\\Foundation\\Http\\Kernel->handle(Object(Illuminate\\Http\\Request))
#30 D:\\xampp\\htdocs\\desarrollos\\bapp_vuexi\\server.php(21): require_once('D:\\\\xampp\\\\htdocs...')
#31 {main}
"} 
[2020-03-25 00:32:44] local.ERROR: Method App\Http\Controllers\Api\AuthController::respondWithToken does not exist. {"userId":1,"exception":"[object] (BadMethodCallException(code: 0): Method App\\Http\\Controllers\\Api\\AuthController::respondWithToken does not exist. at D:\\xampp\\htdocs\\desarrollos\\bapp_vuexi\\vendor\\laravel\\framework\\src\\Illuminate\\Routing\\Controller.php:68)
[stacktrace]
#0 D:\\xampp\\htdocs\\desarrollos\\bapp_vuexi\\app\\Http\\Controllers\\Api\\AuthController.php(44): Illuminate\\Routing\\Controller->__call('respondWithToke...', Array)
#1 [internal function]: App\\Http\\Controllers\\Api\\AuthController->login(Object(Illuminate\\Http\\Request))
#2 D:\\xampp\\htdocs\\desarrollos\\bapp_vuexi\\vendor\\laravel\\framework\\src\\Illuminate\\Routing\\Controller.php(54): call_user_func_array(Array, Array)
#3 D:\\xampp\\htdocs\\desarrollos\\bapp_vuexi\\vendor\\laravel\\framework\\src\\Illuminate\\Routing\\ControllerDispatcher.php(45): Illuminate\\Routing\\Controller->callAction('login', Array)
#4 D:\\xampp\\htdocs\\desarrollos\\bapp_vuexi\\vendor\\laravel\\framework\\src\\Illuminate\\Routing\\Route.php(219): Illuminate\\Routing\\ControllerDispatcher->dispatch(Object(Illuminate\\Routing\\Route), Object(App\\Http\\Controllers\\Api\\AuthController), 'login')
#5 D:\\xampp\\htdocs\\desarrollos\\bapp_vuexi\\vendor\\laravel\\framework\\src\\Illuminate\\Routing\\Route.php(176): Illuminate\\Routing\\Route->runController()
#6 D:\\xampp\\htdocs\\desarrollos\\bapp_vuexi\\vendor\\laravel\\framework\\src\\Illuminate\\Routing\\Router.php(681): Illuminate\\Routing\\Route->run()
#7 D:\\xampp\\htdocs\\desarrollos\\bapp_vuexi\\vendor\\laravel\\framework\\src\\Illuminate\\Pipeline\\Pipeline.php(130): Illuminate\\Routing\\Router->Illuminate\\Routing\\{closure}(Object(Illuminate\\Http\\Request))
#8 D:\\xampp\\htdocs\\desarrollos\\bapp_vuexi\\vendor\\barryvdh\\laravel-cors\\src\\HandleCors.php(31): Illuminate\\Pipeline\\Pipeline->Illuminate\\Pipeline\\{closure}(Object(Illuminate\\Http\\Request))
#9 D:\\xampp\\htdocs\\desarrollos\\bapp_vuexi\\vendor\\laravel\\framework\\src\\Illuminate\\Pipeline\\Pipeline.php(171): Fruitcake\\Cors\\HandleCors->handle(Object(Illuminate\\Http\\Request), Object(Closure))
#10 D:\\xampp\\htdocs\\desarrollos\\bapp_vuexi\\vendor\\laravel\\framework\\src\\Illuminate\\Routing\\Middleware\\SubstituteBindings.php(41): Illuminate\\Pipeline\\Pipeline->Illuminate\\Pipeline\\{closure}(Object(Illuminate\\Http\\Request))
#11 D:\\xampp\\htdocs\\desarrollos\\bapp_vuexi\\vendor\\laravel\\framework\\src\\Illuminate\\Pipeline\\Pipeline.php(171): Illuminate\\Routing\\Middleware\\SubstituteBindings->handle(Object(Illuminate\\Http\\Request), Object(Closure))
#12 D:\\xampp\\htdocs\\desarrollos\\bapp_vuexi\\vendor\\laravel\\framework\\src\\Illuminate\\Routing\\Middleware\\ThrottleRequests.php(59): Illuminate\\Pipeline\\Pipeline->Illuminate\\Pipeline\\{closure}(Object(Illuminate\\Http\\Request))
#13 D:\\xampp\\htdocs\\desarrollos\\bapp_vuexi\\vendor\\laravel\\framework\\src\\Illuminate\\Pipeline\\Pipeline.php(171): Illuminate\\Routing\\Middleware\\ThrottleRequests->handle(Object(Illuminate\\Http\\Request), Object(Closure), 60, '1')
#14 D:\\xampp\\htdocs\\desarrollos\\bapp_vuexi\\vendor\\laravel\\framework\\src\\Illuminate\\Pipeline\\Pipeline.php(105): Illuminate\\Pipeline\\Pipeline->Illuminate\\Pipeline\\{closure}(Object(Illuminate\\Http\\Request))
#15 D:\\xampp\\htdocs\\desarrollos\\bapp_vuexi\\vendor\\laravel\\framework\\src\\Illuminate\\Routing\\Router.php(683): Illuminate\\Pipeline\\Pipeline->then(Object(Closure))
#16 D:\\xampp\\htdocs\\desarrollos\\bapp_vuexi\\vendor\\laravel\\framework\\src\\Illuminate\\Routing\\Router.php(658): Illuminate\\Routing\\Router->runRouteWithinStack(Object(Illuminate\\Routing\\Route), Object(Illuminate\\Http\\Request))
#17 D:\\xampp\\htdocs\\desarrollos\\bapp_vuexi\\vendor\\laravel\\framework\\src\\Illuminate\\Routing\\Router.php(624): Illuminate\\Routing\\Router->runRoute(Object(Illuminate\\Http\\Request), Object(Illuminate\\Routing\\Route))
#18 D:\\xampp\\htdocs\\desarrollos\\bapp_vuexi\\vendor\\laravel\\framework\\src\\Illuminate\\Routing\\Router.php(613): Illuminate\\Routing\\Router->dispatchToRoute(Object(Illuminate\\Http\\Request))
#19 D:\\xampp\\htdocs\\desarrollos\\bapp_vuexi\\vendor\\laravel\\framework\\src\\Illuminate\\Foundation\\Http\\Kernel.php(170): Illuminate\\Routing\\Router->dispatch(Object(Illuminate\\Http\\Request))
#20 D:\\xampp\\htdocs\\desarrollos\\bapp_vuexi\\vendor\\laravel\\framework\\src\\Illuminate\\Pipeline\\Pipeline.php(130): Illuminate\\Foundation\\Http\\Kernel->Illuminate\\Foundation\\Http\\{closure}(Object(Illuminate\\Http\\Request))
#21 D:\\xampp\\htdocs\\desarrollos\\bapp_vuexi\\vendor\\laravel\\framework\\src\\Illuminate\\Foundation\\Http\\Middleware\\TransformsRequest.php(21): Illuminate\\Pipeline\\Pipeline->Illuminate\\Pipeline\\{closure}(Object(Illuminate\\Http\\Request))
#22 D:\\xampp\\htdocs\\desarrollos\\bapp_vuexi\\vendor\\laravel\\framework\\src\\Illuminate\\Pipeline\\Pipeline.php(171): Illuminate\\Foundation\\Http\\Middleware\\TransformsRequest->handle(Object(Illuminate\\Http\\Request), Object(Closure))
#23 D:\\xampp\\htdocs\\desarrollos\\bapp_vuexi\\vendor\\laravel\\framework\\src\\Illuminate\\Foundation\\Http\\Middleware\\TransformsRequest.php(21): Illuminate\\Pipeline\\Pipeline->Illuminate\\Pipeline\\{closure}(Object(Illuminate\\Http\\Request))
#24 D:\\xampp\\htdocs\\desarrollos\\bapp_vuexi\\vendor\\laravel\\framework\\src\\Illuminate\\Pipeline\\Pipeline.php(171): Illuminate\\Foundation\\Http\\Middleware\\TransformsRequest->handle(Object(Illuminate\\Http\\Request), Object(Closure))
#25 D:\\xampp\\htdocs\\desarrollos\\bapp_vuexi\\vendor\\laravel\\framework\\src\\Illuminate\\Foundation\\Http\\Middleware\\ValidatePostSize.php(27): Illuminate\\Pipeline\\Pipeline->Illuminate\\Pipeline\\{closure}(Object(Illuminate\\Http\\Request))
#26 D:\\xampp\\htdocs\\desarrollos\\bapp_vuexi\\vendor\\laravel\\framework\\src\\Illuminate\\Pipeline\\Pipeline.php(171): Illuminate\\Foundation\\Http\\Middleware\\ValidatePostSize->handle(Object(Illuminate\\Http\\Request), Object(Closure))
#27 D:\\xampp\\htdocs\\desarrollos\\bapp_vuexi\\vendor\\laravel\\framework\\src\\Illuminate\\Foundation\\Http\\Middleware\\CheckForMaintenanceMode.php(62): Illuminate\\Pipeline\\Pipeline->Illuminate\\Pipeline\\{closure}(Object(Illuminate\\Http\\Request))
#28 D:\\xampp\\htdocs\\desarrollos\\bapp_vuexi\\vendor\\laravel\\framework\\src\\Illuminate\\Pipeline\\Pipeline.php(171): Illuminate\\Foundation\\Http\\Middleware\\CheckForMaintenanceMode->handle(Object(Illuminate\\Http\\Request), Object(Closure))
#29 D:\\xampp\\htdocs\\desarrollos\\bapp_vuexi\\vendor\\fideloper\\proxy\\src\\TrustProxies.php(57): Illuminate\\Pipeline\\Pipeline->Illuminate\\Pipeline\\{closure}(Object(Illuminate\\Http\\Request))
#30 D:\\xampp\\htdocs\\desarrollos\\bapp_vuexi\\vendor\\laravel\\framework\\src\\Illuminate\\Pipeline\\Pipeline.php(171): Fideloper\\Proxy\\TrustProxies->handle(Object(Illuminate\\Http\\Request), Object(Closure))
#31 D:\\xampp\\htdocs\\desarrollos\\bapp_vuexi\\vendor\\laravel\\framework\\src\\Illuminate\\Pipeline\\Pipeline.php(105): Illuminate\\Pipeline\\Pipeline->Illuminate\\Pipeline\\{closure}(Object(Illuminate\\Http\\Request))
#32 D:\\xampp\\htdocs\\desarrollos\\bapp_vuexi\\vendor\\laravel\\framework\\src\\Illuminate\\Foundation\\Http\\Kernel.php(145): Illuminate\\Pipeline\\Pipeline->then(Object(Closure))
#33 D:\\xampp\\htdocs\\desarrollos\\bapp_vuexi\\vendor\\laravel\\framework\\src\\Illuminate\\Foundation\\Http\\Kernel.php(110): Illuminate\\Foundation\\Http\\Kernel->sendRequestThroughRouter(Object(Illuminate\\Http\\Request))
#34 D:\\xampp\\htdocs\\desarrollos\\bapp_vuexi\\public\\index.php(55): Illuminate\\Foundation\\Http\\Kernel->handle(Object(Illuminate\\Http\\Request))
#35 D:\\xampp\\htdocs\\desarrollos\\bapp_vuexi\\server.php(21): require_once('D:\\\\xampp\\\\htdocs...')
#36 {main}
"} 
